TN:
SF:src/app.module.ts
FNF:0
FNH:0
DA:1,0
DA:2,0
DA:3,0
DA:4,0
DA:5,0
DA:6,0
DA:7,0
DA:8,0
DA:9,0
DA:10,0
DA:11,0
DA:12,0
DA:13,0
DA:14,0
DA:15,0
DA:16,0
DA:17,0
DA:18,0
DA:19,0
DA:20,0
DA:21,0
DA:22,0
DA:23,0
DA:24,0
DA:25,0
DA:26,0
DA:27,0
DA:28,0
DA:73,0
LF:29
LH:0
BRF:0
BRH:0
end_of_record
TN:
SF:src/app.service.ts
FN:7,(anonymous_1)
FNF:1
FNH:0
FNDA:0,(anonymous_1)
DA:1,0
DA:6,0
DA:8,0
LF:3
LH:0
BRF:0
BRH:0
end_of_record
TN:
SF:src/lambda-sqs.ts
FN:9,bootstrap
FN:16,(anonymous_1)
FNF:2
FNH:0
FNDA:0,bootstrap
FNDA:0,(anonymous_1)
DA:2,0
DA:3,0
DA:4,0
DA:5,0
DA:10,0
DA:11,0
DA:13,0
DA:16,0
DA:17,0
DA:18,0
DA:19,0
DA:21,0
DA:22,0
DA:24,0
DA:25,0
DA:28,0
DA:30,0
DA:32,0
DA:34,0
DA:35,0
DA:38,0
DA:40,0
DA:44,0
DA:47,0
DA:49,0
DA:53,0
DA:55,0
DA:56,0
LF:28
LH:0
BRDA:10,0,0,0
BRDA:24,1,0,0
BRDA:30,2,0,0
BRDA:30,2,1,0
BRDA:30,2,2,0
BRDA:30,2,3,0
BRF:6
BRH:0
end_of_record
TN:
SF:src/lambda.ts
FN:13,bootstrapServer
FN:60,(anonymous_2)
FNF:2
FNH:0
FNDA:0,bootstrapServer
FNDA:0,(anonymous_2)
DA:3,0
DA:4,0
DA:5,0
DA:6,0
DA:7,0
DA:8,0
DA:9,0
DA:14,0
DA:15,0
DA:16,0
DA:21,0
DA:34,0
DA:43,0
DA:52,0
DA:53,0
DA:55,0
DA:57,0
DA:60,0
DA:61,0
DA:62,0
DA:63,0
DA:65,0
LF:22
LH:0
BRDA:61,0,0,0
BRF:1
BRH:0
end_of_record
TN:
SF:src/main.ts
FN:5,bootstrap
FNF:1
FNH:0
FNDA:0,bootstrap
DA:1,0
DA:2,0
DA:3,0
DA:6,0
DA:7,0
DA:14,0
DA:15,0
DA:17,0
DA:19,0
LF:9
LH:0
BRDA:17,0,0,0
BRDA:17,0,1,0
BRF:2
BRH:0
end_of_record
TN:
SF:src/auth/auth.guard.ts
FN:13,(anonymous_11)
FN:15,(anonymous_12)
FNF:2
FNH:0
FNDA:0,(anonymous_11)
FNDA:0,(anonymous_12)
DA:1,0
DA:7,0
DA:8,0
DA:12,0
DA:13,0
DA:16,0
DA:17,0
DA:19,0
DA:20,0
DA:25,0
DA:26,0
DA:27,0
DA:30,0
DA:31,0
DA:32,0
DA:42,0
DA:43,0
DA:47,0
DA:48,0
DA:53,0
DA:54,0
DA:56,0
LF:22
LH:0
BRDA:19,0,0,0
BRDA:19,1,0,0
BRDA:19,1,1,0
BRDA:26,2,0,0
BRDA:42,3,0,0
BRDA:47,4,0,0
BRF:6
BRH:0
end_of_record
TN:
SF:src/auth/auth.module.ts
FN:13,(anonymous_1)
FN:16,(anonymous_2)
FNF:2
FNH:0
FNDA:0,(anonymous_1)
FNDA:0,(anonymous_2)
DA:1,0
DA:2,0
DA:3,0
DA:4,0
DA:5,0
DA:6,0
DA:7,0
DA:13,0
DA:16,0
DA:20,0
LF:10
LH:0
BRF:0
BRH:0
end_of_record
TN:
SF:src/auth/auth.service.ts
FN:38,(anonymous_14)
FN:46,(anonymous_15)
FN:51,(anonymous_16)
FN:197,(anonymous_17)
FN:291,(anonymous_18)
FN:369,(anonymous_19)
FN:463,(anonymous_20)
FN:481,(anonymous_21)
FN:570,(anonymous_22)
FN:630,(anonymous_23)
FN:671,(anonymous_24)
FN:788,(anonymous_25)
FN:39,(anonymous_26)
FNF:13
FNH:0
FNDA:0,(anonymous_14)
FNDA:0,(anonymous_15)
FNDA:0,(anonymous_16)
FNDA:0,(anonymous_17)
FNDA:0,(anonymous_18)
FNDA:0,(anonymous_19)
FNDA:0,(anonymous_20)
FNDA:0,(anonymous_21)
FNDA:0,(anonymous_22)
FNDA:0,(anonymous_23)
FNDA:0,(anonymous_24)
FNDA:0,(anonymous_25)
FNDA:0,(anonymous_26)
DA:1,2
DA:9,2
DA:10,2
DA:12,2
DA:13,2
DA:14,2
DA:15,2
DA:21,2
DA:22,2
DA:23,2
DA:34,2
DA:37,2
DA:39,0
DA:40,0
DA:41,0
DA:42,0
DA:43,0
DA:47,0
DA:48,0
DA:52,0
DA:55,0
DA:56,0
DA:57,0
DA:58,0
DA:61,0
DA:62,0
DA:64,0
DA:66,0
DA:68,0
DA:70,0
DA:72,0
DA:74,0
DA:76,0
DA:78,0
DA:80,0
DA:82,0
DA:84,0
DA:86,0
DA:88,0
DA:90,0
DA:93,0
DA:96,0
DA:100,0
DA:105,0
DA:107,0
DA:108,0
DA:115,0
DA:116,0
DA:120,0
DA:123,0
DA:124,0
DA:129,0
DA:130,0
DA:133,0
DA:135,0
DA:136,0
DA:139,0
DA:144,0
DA:149,0
DA:157,0
DA:158,0
DA:163,0
DA:164,0
DA:172,0
DA:173,0
DA:175,0
DA:178,0
DA:180,0
DA:198,0
DA:199,0
DA:201,0
DA:202,0
DA:206,0
DA:217,0
DA:235,0
DA:236,0
DA:239,0
DA:240,0
DA:241,0
DA:245,0
DA:246,0
DA:249,0
DA:252,0
DA:258,0
DA:265,0
DA:266,0
DA:270,0
DA:271,0
DA:278,0
DA:279,0
DA:282,0
DA:286,0
DA:292,0
DA:293,0
DA:298,0
DA:299,0
DA:301,0
DA:304,0
DA:305,0
DA:306,0
DA:309,0
DA:316,0
DA:317,0
DA:319,0
DA:320,0
DA:324,0
DA:328,0
DA:329,0
DA:333,0
DA:343,0
DA:348,0
DA:353,0
DA:363,0
DA:364,0
DA:366,0
DA:370,0
DA:371,0
DA:375,0
DA:376,0
DA:378,0
DA:381,0
DA:382,0
DA:383,0
DA:387,0
DA:395,0
DA:396,0
DA:402,0
DA:403,0
DA:404,0
DA:407,0
DA:408,0
DA:415,0
DA:416,0
DA:420,0
DA:421,0
DA:424,0
DA:427,0
DA:433,0
DA:450,0
DA:451,0
DA:454,0
DA:458,0
DA:464,0
DA:465,0
DA:466,0
DA:469,0
DA:474,0
DA:475,0
DA:478,0
DA:482,0
DA:484,0
DA:489,0
DA:492,0
DA:493,0
DA:494,0
DA:497,0
DA:516,0
DA:520,0
DA:521,0
DA:525,0
DA:528,0
DA:530,0
DA:533,0
DA:534,0
DA:549,0
DA:550,0
DA:554,0
DA:555,0
DA:563,0
DA:564,0
DA:567,0
DA:571,0
DA:572,0
DA:573,0
DA:576,0
DA:580,0
DA:581,0
DA:585,0
DA:588,0
DA:590,0
DA:593,0
DA:594,0
DA:609,0
DA:610,0
DA:614,0
DA:615,0
DA:623,0
DA:624,0
DA:627,0
DA:631,0
DA:632,0
DA:633,0
DA:637,0
DA:638,0
DA:640,0
DA:643,0
DA:650,0
DA:651,0
DA:654,0
DA:660,0
DA:661,0
DA:664,0
DA:673,0
DA:674,0
DA:676,0
DA:679,0
DA:685,0
DA:686,0
DA:690,0
DA:695,0
DA:696,0
DA:699,0
DA:709,0
DA:717,0
DA:718,0
DA:720,0
DA:721,0
DA:723,0
DA:724,0
DA:726,0
DA:727,0
DA:730,0
DA:735,0
DA:741,0
DA:743,0
DA:750,0
DA:751,0
DA:757,0
DA:758,0
DA:762,0
DA:767,0
DA:772,0
DA:782,0
DA:783,0
DA:785,0
DA:789,0
DA:790,0
DA:791,0
DA:796,0
DA:799,0
DA:801,0
DA:802,0
DA:804,0
DA:805,0
DA:809,0
LF:245
LH:12
BRDA:48,0,0,0
BRDA:48,0,1,0
BRDA:52,1,0,0
BRDA:52,1,1,0
BRDA:57,2,0,0
BRDA:61,3,0,0
BRDA:64,4,0,0
BRDA:64,4,1,0
BRDA:64,4,2,0
BRDA:64,4,3,0
BRDA:64,4,4,0
BRDA:64,4,5,0
BRDA:64,4,6,0
BRDA:96,5,0,0
BRDA:97,6,0,0
BRDA:97,6,1,0
BRDA:107,7,0,0
BRDA:115,8,0,0
BRDA:115,9,0,0
BRDA:115,9,1,0
BRDA:123,10,0,0
BRDA:129,11,0,0
BRDA:135,12,0,0
BRDA:140,13,0,0
BRDA:140,13,1,0
BRDA:157,14,0,0
BRDA:163,15,0,0
BRDA:163,15,1,0
BRDA:172,16,0,0
BRDA:172,16,1,0
BRDA:201,17,0,0
BRDA:208,18,0,0
BRDA:208,18,1,0
BRDA:226,19,0,0
BRDA:226,19,1,0
BRDA:235,20,0,0
BRDA:240,21,0,0
BRDA:249,22,0,0
BRDA:249,22,1,0
BRDA:254,23,0,0
BRDA:254,23,1,0
BRDA:265,24,0,0
BRDA:278,25,0,0
BRDA:292,26,0,0
BRDA:292,27,0,0
BRDA:292,27,1,0
BRDA:305,28,0,0
BRDA:316,29,0,0
BRDA:319,30,0,0
BRDA:328,31,0,0
BRDA:358,32,0,0
BRDA:358,32,1,0
BRDA:363,33,0,0
BRDA:370,34,0,0
BRDA:382,35,0,0
BRDA:395,36,0,0
BRDA:403,37,0,0
BRDA:415,38,0,0
BRDA:424,39,0,0
BRDA:424,39,1,0
BRDA:429,40,0,0
BRDA:429,40,1,0
BRDA:450,41,0,0
BRDA:465,42,0,0
BRDA:474,43,0,0
BRDA:484,44,0,0
BRDA:485,45,0,0
BRDA:485,45,1,0
BRDA:485,45,2,0
BRDA:493,46,0,0
BRDA:499,47,0,0
BRDA:499,47,1,0
BRDA:500,48,0,0
BRDA:500,48,1,0
BRDA:501,49,0,0
BRDA:501,49,1,0
BRDA:502,50,0,0
BRDA:502,50,1,0
BRDA:504,51,0,0
BRDA:504,51,1,0
BRDA:506,52,0,0
BRDA:506,52,1,0
BRDA:513,53,0,0
BRDA:513,53,1,0
BRDA:520,54,0,0
BRDA:530,55,0,0
BRDA:530,55,1,0
BRDA:533,56,0,0
BRDA:533,56,1,0
BRDA:536,57,0,0
BRDA:536,57,1,0
BRDA:539,58,0,0
BRDA:539,58,1,0
BRDA:542,59,0,0
BRDA:542,59,1,0
BRDA:549,60,0,0
BRDA:563,61,0,0
BRDA:572,62,0,0
BRDA:580,63,0,0
BRDA:590,64,0,0
BRDA:590,64,1,0
BRDA:593,65,0,0
BRDA:593,65,1,0
BRDA:596,66,0,0
BRDA:596,66,1,0
BRDA:599,67,0,0
BRDA:599,67,1,0
BRDA:602,68,0,0
BRDA:602,68,1,0
BRDA:609,69,0,0
BRDA:623,70,0,0
BRDA:632,71,0,0
BRDA:650,72,0,0
BRDA:660,73,0,0
BRDA:685,74,0,0
BRDA:695,75,0,0
BRDA:717,76,0,0
BRDA:720,77,0,0
BRDA:723,78,0,0
BRDA:726,79,0,0
BRDA:741,80,0,0
BRDA:750,81,0,0
BRDA:757,82,0,0
BRDA:777,83,0,0
BRDA:777,83,1,0
BRDA:782,84,0,0
BRDA:790,85,0,0
BRDA:790,86,0,0
BRDA:790,86,1,0
BRDA:799,87,0,0
BRDA:802,88,0,0
BRF:131
BRH:0
end_of_record
TN:
SF:src/auth/current-user.decorator.ts
FN:4,(anonymous_0)
FNF:1
FNH:0
FNDA:0,(anonymous_0)
DA:1,0
DA:3,0
DA:5,0
DA:6,0
LF:4
LH:0
BRF:0
BRH:0
end_of_record
TN:
SF:src/auth/roles.decorator.ts
FN:4,(anonymous_0)
FNF:1
FNH:0
FNDA:0,(anonymous_0)
DA:1,0
DA:3,0
DA:4,0
LF:3
LH:0
BRF:0
BRH:0
end_of_record
TN:
SF:src/auth/roles.guard.ts
FN:12,(anonymous_2)
FN:14,(anonymous_3)
FNF:2
FNH:0
FNDA:0,(anonymous_2)
FNDA:0,(anonymous_3)
DA:1,0
DA:7,0
DA:8,0
DA:11,0
DA:12,0
DA:15,0
DA:20,0
DA:21,0
DA:24,0
DA:25,0
DA:27,0
DA:28,0
DA:31,0
LF:13
LH:0
BRDA:20,0,0,0
BRDA:20,1,0,0
BRDA:20,1,1,0
BRDA:27,2,0,0
BRDA:27,3,0,0
BRDA:27,3,1,0
BRF:6
BRH:0
end_of_record
TN:
SF:src/auth/dto/authGetInvite.dto.ts
FNF:0
FNH:0
DA:1,0
DA:2,0
DA:4,0
DA:10,0
LF:4
LH:0
BRF:0
BRH:0
end_of_record
TN:
SF:src/auth/dto/authGetInviteReturn.dto.ts
FNF:0
FNH:0
DA:1,0
DA:3,0
LF:2
LH:0
BRF:0
BRH:0
end_of_record
TN:
SF:src/auth/dto/authInviteUser.dto.ts
FNF:0
FNH:0
DA:1,0
DA:2,0
DA:4,0
DA:7,0
DA:11,0
DA:15,0
DA:20,0
DA:25,0
DA:30,0
DA:35,0
DA:40,0
DA:48,0
LF:12
LH:0
BRF:0
BRH:0
end_of_record
TN:
SF:src/auth/dto/authLogOut.dto.ts
FNF:0
FNH:0
DA:3,0
DA:5,0
LF:2
LH:0
BRF:0
BRH:0
end_of_record
TN:
SF:src/auth/dto/authResendCode.dto.ts
FNF:0
FNH:0
DA:1,0
DA:2,0
DA:4,0
DA:11,0
LF:4
LH:0
BRF:0
BRH:0
end_of_record
TN:
SF:src/auth/dto/authResendCodeReturn.dto.ts
FNF:0
FNH:0
DA:3,0
DA:5,0
LF:2
LH:0
BRF:0
BRH:0
end_of_record
TN:
SF:src/auth/dto/authSetPassword.dto.ts
FNF:0
FNH:0
DA:1,0
DA:2,0
DA:4,0
DA:7,0
DA:11,0
LF:5
LH:0
BRF:0
BRH:0
end_of_record
TN:
SF:src/auth/dto/authSignIn.dto.ts
FNF:0
FNH:0
DA:1,0
DA:2,0
DA:10,0
DA:13,0
DA:18,0
DA:23,0
LF:6
LH:0
BRF:0
BRH:0
end_of_record
TN:
SF:src/auth/dto/authSignUp.dto.ts
FNF:0
FNH:0
DA:1,0
DA:2,0
DA:3,0
DA:5,0
DA:8,0
DA:12,0
DA:16,0
DA:20,0
LF:8
LH:0
BRF:0
BRH:0
end_of_record
TN:
SF:src/auth/dto/authSignupReturn.dto.ts
FNF:0
FNH:0
DA:3,0
DA:5,0
LF:2
LH:0
BRF:0
BRH:0
end_of_record
TN:
SF:src/auth/dto/authVerifyCode.dto.ts
FNF:0
FNH:0
DA:1,0
DA:2,0
DA:5,0
DA:8,0
DA:12,0
LF:5
LH:0
BRF:0
BRH:0
end_of_record
TN:
SF:src/auth/dto/authVerifyCodeReturn.dto.ts
FNF:0
FNH:0
DA:1,0
DA:2,0
DA:5,0
DA:8,0
LF:4
LH:0
BRF:0
BRH:0
end_of_record
TN:
SF:src/auth/dto/invitedUserSignup.dto.ts
FNF:0
FNH:0
DA:1,0
DA:2,0
DA:3,0
DA:5,0
DA:9,0
DA:14,0
DA:19,0
DA:24,0
DA:29,0
LF:9
LH:0
BRF:0
BRH:0
end_of_record
TN:
SF:src/candidate/candidates.controller.ts
FN:40,(anonymous_4)
FN:138,(anonymous_5)
FN:191,(anonymous_6)
FN:211,(anonymous_7)
FN:234,(anonymous_8)
FN:256,(anonymous_9)
FN:268,(anonymous_10)
FN:292,(anonymous_11)
FN:323,(anonymous_12)
FN:353,(anonymous_13)
FN:376,(anonymous_14)
FN:400,(anonymous_15)
FN:421,(anonymous_16)
FN:446,(anonymous_17)
FN:491,(anonymous_18)
FN:518,(anonymous_19)
FN:538,(anonymous_20)
FNF:17
FNH:0
FNDA:0,(anonymous_4)
FNDA:0,(anonymous_5)
FNDA:0,(anonymous_6)
FNDA:0,(anonymous_7)
FNDA:0,(anonymous_8)
FNDA:0,(anonymous_9)
FNDA:0,(anonymous_10)
FNDA:0,(anonymous_11)
FNDA:0,(anonymous_12)
FNDA:0,(anonymous_13)
FNDA:0,(anonymous_14)
FNDA:0,(anonymous_15)
FNDA:0,(anonymous_16)
FNDA:0,(anonymous_17)
FNDA:0,(anonymous_18)
FNDA:0,(anonymous_19)
FNDA:0,(anonymous_20)
DA:1,0
DA:13,0
DA:22,0
DA:24,0
DA:26,0
DA:27,0
DA:28,0
DA:29,0
DA:31,0
DA:32,0
DA:33,0
DA:34,0
DA:39,0
DA:40,0
DA:138,0
DA:157,0
DA:176,0
DA:191,0
DA:192,0
DA:193,0
DA:211,0
DA:212,0
DA:213,0
DA:234,0
DA:235,0
DA:236,0
DA:256,0
DA:257,0
DA:258,0
DA:268,0
DA:269,0
DA:270,0
DA:292,0
DA:293,0
DA:294,0
DA:323,0
DA:327,0
DA:328,0
DA:353,0
DA:357,0
DA:361,0
DA:376,0
DA:380,0
DA:381,0
DA:400,0
DA:404,0
DA:405,0
DA:421,0
DA:422,0
DA:423,0
DA:446,0
DA:450,0
DA:451,0
DA:491,0
DA:493,0
DA:494,0
DA:518,0
DA:519,0
DA:520,0
DA:538,0
DA:539,0
DA:540,0
LF:62
LH:0
BRF:0
BRH:0
end_of_record
TN:
SF:src/candidate/candidates.module.ts
FN:18,(anonymous_1)
FNF:1
FNH:0
FNDA:0,(anonymous_1)
DA:1,0
DA:2,0
DA:3,0
DA:4,0
DA:5,0
DA:6,0
DA:7,0
DA:8,0
DA:9,0
DA:10,0
DA:11,0
DA:12,0
DA:18,0
DA:30,0
LF:14
LH:0
BRF:0
BRH:0
end_of_record
TN:
SF:src/candidate/candidates.service.ts
FN:84,(anonymous_14)
FN:98,(anonymous_15)
FN:161,(anonymous_16)
FN:162,(anonymous_17)
FN:163,(anonymous_18)
FN:169,(anonymous_19)
FN:173,(anonymous_20)
FN:175,(anonymous_21)
FN:180,(anonymous_22)
FN:186,(anonymous_23)
FN:192,(anonymous_24)
FN:198,(anonymous_25)
FN:204,(anonymous_26)
FN:212,(anonymous_27)
FN:221,(anonymous_28)
FN:228,(anonymous_29)
FN:239,(anonymous_30)
FN:244,(anonymous_31)
FN:579,(anonymous_32)
FN:587,(anonymous_33)
FN:606,(anonymous_34)
FN:613,(anonymous_35)
FN:619,(anonymous_36)
FN:638,(anonymous_37)
FN:673,(anonymous_38)
FN:806,(anonymous_39)
FN:812,(anonymous_40)
FN:822,(anonymous_41)
FN:828,(anonymous_42)
FN:845,(anonymous_43)
FN:860,(anonymous_44)
FN:877,(anonymous_45)
FN:892,(anonymous_46)
FN:906,(anonymous_47)
FN:981,(anonymous_48)
FN:1070,(anonymous_49)
FN:1071,(anonymous_50)
FN:1072,(anonymous_51)
FN:1095,(anonymous_52)
FN:1164,(anonymous_53)
FN:1166,(anonymous_54)
FN:1175,(anonymous_55)
FN:1178,(anonymous_56)
FN:1280,(anonymous_57)
FN:1288,(anonymous_58)
FN:1310,(anonymous_59)
FN:1317,(anonymous_60)
FN:1339,(anonymous_61)
FN:1346,(anonymous_62)
FN:1347,(anonymous_63)
FN:1370,(anonymous_64)
FN:1377,(anonymous_65)
FN:1379,(anonymous_66)
FN:1381,(anonymous_67)
FN:1405,(anonymous_68)
FN:1414,(anonymous_69)
FN:1459,(anonymous_70)
FN:1520,(anonymous_71)
FN:1522,(anonymous_72)
FN:1527,(anonymous_73)
FN:1567,(anonymous_74)
FN:1568,(anonymous_75)
FN:1591,(anonymous_76)
FN:1595,(anonymous_77)
FN:1643,(anonymous_78)
FN:1649,(anonymous_79)
FN:1684,(anonymous_80)
FN:1705,(anonymous_81)
FN:1736,(anonymous_82)
FN:1771,(anonymous_83)
FN:1814,(anonymous_84)
FN:1918,(anonymous_85)
FN:1932,(anonymous_86)
FN:1957,(anonymous_87)
FN:2107,(anonymous_88)
FN:2167,(anonymous_89)
FN:89,(anonymous_90)
FNF:77
FNH:0
FNDA:0,(anonymous_14)
FNDA:0,(anonymous_15)
FNDA:0,(anonymous_16)
FNDA:0,(anonymous_17)
FNDA:0,(anonymous_18)
FNDA:0,(anonymous_19)
FNDA:0,(anonymous_20)
FNDA:0,(anonymous_21)
FNDA:0,(anonymous_22)
FNDA:0,(anonymous_23)
FNDA:0,(anonymous_24)
FNDA:0,(anonymous_25)
FNDA:0,(anonymous_26)
FNDA:0,(anonymous_27)
FNDA:0,(anonymous_28)
FNDA:0,(anonymous_29)
FNDA:0,(anonymous_30)
FNDA:0,(anonymous_31)
FNDA:0,(anonymous_32)
FNDA:0,(anonymous_33)
FNDA:0,(anonymous_34)
FNDA:0,(anonymous_35)
FNDA:0,(anonymous_36)
FNDA:0,(anonymous_37)
FNDA:0,(anonymous_38)
FNDA:0,(anonymous_39)
FNDA:0,(anonymous_40)
FNDA:0,(anonymous_41)
FNDA:0,(anonymous_42)
FNDA:0,(anonymous_43)
FNDA:0,(anonymous_44)
FNDA:0,(anonymous_45)
FNDA:0,(anonymous_46)
FNDA:0,(anonymous_47)
FNDA:0,(anonymous_48)
FNDA:0,(anonymous_49)
FNDA:0,(anonymous_50)
FNDA:0,(anonymous_51)
FNDA:0,(anonymous_52)
FNDA:0,(anonymous_53)
FNDA:0,(anonymous_54)
FNDA:0,(anonymous_55)
FNDA:0,(anonymous_56)
FNDA:0,(anonymous_57)
FNDA:0,(anonymous_58)
FNDA:0,(anonymous_59)
FNDA:0,(anonymous_60)
FNDA:0,(anonymous_61)
FNDA:0,(anonymous_62)
FNDA:0,(anonymous_63)
FNDA:0,(anonymous_64)
FNDA:0,(anonymous_65)
FNDA:0,(anonymous_66)
FNDA:0,(anonymous_67)
FNDA:0,(anonymous_68)
FNDA:0,(anonymous_69)
FNDA:0,(anonymous_70)
FNDA:0,(anonymous_71)
FNDA:0,(anonymous_72)
FNDA:0,(anonymous_73)
FNDA:0,(anonymous_74)
FNDA:0,(anonymous_75)
FNDA:0,(anonymous_76)
FNDA:0,(anonymous_77)
FNDA:0,(anonymous_78)
FNDA:0,(anonymous_79)
FNDA:0,(anonymous_80)
FNDA:0,(anonymous_81)
FNDA:0,(anonymous_82)
FNDA:0,(anonymous_83)
FNDA:0,(anonymous_84)
FNDA:0,(anonymous_85)
FNDA:0,(anonymous_86)
FNDA:0,(anonymous_87)
FNDA:0,(anonymous_88)
FNDA:0,(anonymous_89)
FNDA:0,(anonymous_90)
DA:1,2
DA:10,2
DA:11,2
DA:12,2
DA:14,2
DA:18,2
DA:19,2
DA:23,2
DA:24,2
DA:25,2
DA:28,2
DA:30,2
DA:31,2
DA:32,2
DA:33,2
DA:38,2
DA:40,2
DA:41,2
DA:42,2
DA:44,2
DA:81,2
DA:82,0
DA:85,0
DA:86,0
DA:87,0
DA:88,0
DA:89,0
DA:90,0
DA:91,0
DA:93,0
DA:94,0
DA:95,0
DA:118,0
DA:120,0
DA:121,0
DA:124,0
DA:125,0
DA:127,0
DA:128,0
DA:135,0
DA:136,0
DA:146,0
DA:148,0
DA:151,0
DA:155,0
DA:156,0
DA:158,0
DA:161,0
DA:162,0
DA:163,0
DA:166,0
DA:169,0
DA:172,0
DA:173,0
DA:175,0
DA:177,0
DA:180,0
DA:183,0
DA:186,0
DA:189,0
DA:192,0
DA:195,0
DA:198,0
DA:202,0
DA:203,0
DA:204,0
DA:210,0
DA:211,0
DA:212,0
DA:219,0
DA:220,0
DA:221,0
DA:226,0
DA:227,0
DA:228,0
DA:236,0
DA:239,0
DA:242,0
DA:243,0
DA:244,0
DA:251,0
DA:252,0
DA:253,0
DA:254,0
DA:255,0
DA:259,0
DA:268,0
DA:299,0
DA:439,0
DA:554,0
DA:555,0
DA:579,0
DA:580,0
DA:582,0
DA:583,0
DA:587,0
DA:589,0
DA:605,0
DA:606,0
DA:610,0
DA:611,0
DA:613,0
DA:614,0
DA:615,0
DA:620,0
DA:638,0
DA:647,0
DA:666,0
DA:674,0
DA:675,0
DA:677,0
DA:783,0
DA:790,0
DA:793,0
DA:794,0
DA:795,0
DA:797,0
DA:802,0
DA:807,0
DA:812,0
DA:819,0
DA:823,0
DA:824,0
DA:826,0
DA:827,0
DA:829,0
DA:831,0
DA:834,0
DA:840,0
DA:841,0
DA:842,0
DA:850,0
DA:862,0
DA:863,0
DA:866,0
DA:869,0
DA:873,0
DA:874,0
DA:875,0
DA:876,0
DA:877,0
DA:887,0
DA:888,0
DA:890,0
DA:891,0
DA:892,0
DA:903,0
DA:907,0
DA:908,0
DA:910,0
DA:919,0
DA:921,0
DA:926,0
DA:927,0
DA:928,0
DA:929,0
DA:932,0
DA:933,0
DA:935,0
DA:940,0
DA:941,0
DA:946,0
DA:951,0
DA:955,0
DA:957,0
DA:962,0
DA:963,0
DA:964,0
DA:966,0
DA:970,0
DA:978,0
DA:982,0
DA:983,0
DA:985,0
DA:991,0
DA:996,0
DA:997,0
DA:998,0
DA:1000,0
DA:1001,0
DA:1006,0
DA:1007,0
DA:1010,0
DA:1012,0
DA:1013,0
DA:1018,0
DA:1034,0
DA:1035,0
DA:1039,0
DA:1040,0
DA:1041,0
DA:1044,0
DA:1045,0
DA:1048,0
DA:1050,0
DA:1051,0
DA:1053,0
DA:1055,0
DA:1057,0
DA:1059,0
DA:1065,0
DA:1068,0
DA:1069,0
DA:1070,0
DA:1071,0
DA:1074,0
DA:1075,0
DA:1076,0
DA:1079,0
DA:1080,0
DA:1083,0
DA:1085,0
DA:1086,0
DA:1089,0
DA:1092,0
DA:1095,0
DA:1104,0
DA:1105,0
DA:1110,0
DA:1113,0
DA:1116,0
DA:1129,0
DA:1130,0
DA:1131,0
DA:1132,0
DA:1136,0
DA:1138,0
DA:1139,0
DA:1144,0
DA:1147,0
DA:1148,0
DA:1151,0
DA:1152,0
DA:1153,0
DA:1157,0
DA:1158,0
DA:1161,0
DA:1165,0
DA:1166,0
DA:1170,0
DA:1171,0
DA:1172,0
DA:1176,0
DA:1177,0
DA:1178,0
DA:1180,0
DA:1183,0
DA:1184,0
DA:1185,0
DA:1198,0
DA:1199,0
DA:1215,0
DA:1243,0
DA:1269,0
DA:1270,0
DA:1271,0
DA:1272,0
DA:1279,0
DA:1281,0
DA:1284,0
DA:1285,0
DA:1287,0
DA:1288,0
DA:1290,0
DA:1293,0
DA:1297,0
DA:1299,0
DA:1300,0
DA:1301,0
DA:1302,0
DA:1309,0
DA:1310,0
DA:1313,0
DA:1314,0
DA:1316,0
DA:1317,0
DA:1319,0
DA:1322,0
DA:1326,0
DA:1328,0
DA:1329,0
DA:1330,0
DA:1331,0
DA:1338,0
DA:1339,0
DA:1342,0
DA:1343,0
DA:1345,0
DA:1346,0
DA:1347,0
DA:1351,0
DA:1353,0
DA:1357,0
DA:1359,0
DA:1360,0
DA:1361,0
DA:1362,0
DA:1369,0
DA:1370,0
DA:1373,0
DA:1374,0
DA:1376,0
DA:1377,0
DA:1379,0
DA:1381,0
DA:1385,0
DA:1387,0
DA:1391,0
DA:1394,0
DA:1397,0
DA:1399,0
DA:1409,0
DA:1410,0
DA:1411,0
DA:1413,0
DA:1414,0
DA:1416,0
DA:1418,0
DA:1422,0
DA:1424,0
DA:1431,0
DA:1442,0
DA:1443,0
DA:1447,0
DA:1453,0
DA:1454,0
DA:1456,0
DA:1463,0
DA:1467,0
DA:1472,0
DA:1488,0
DA:1490,0
DA:1517,0
DA:1518,0
DA:1520,0
DA:1522,0
DA:1523,0
DA:1524,0
DA:1526,0
DA:1527,0
DA:1529,0
DA:1534,0
DA:1535,0
DA:1538,0
DA:1539,0
DA:1540,0
DA:1543,0
DA:1544,0
DA:1545,0
DA:1548,0
DA:1552,0
DA:1556,0
DA:1563,0
DA:1564,0
DA:1567,0
DA:1568,0
DA:1569,0
DA:1573,0
DA:1577,0
DA:1578,0
DA:1581,0
DA:1583,0
DA:1591,0
DA:1592,0
DA:1601,0
DA:1602,0
DA:1603,0
DA:1604,0
DA:1606,0
DA:1610,0
DA:1611,0
DA:1620,0
DA:1628,0
DA:1631,0
DA:1632,0
DA:1641,0
DA:1642,0
DA:1643,0
DA:1648,0
DA:1649,0
DA:1657,0
DA:1658,0
DA:1660,0
DA:1661,0
DA:1662,0
DA:1665,0
DA:1670,0
DA:1675,0
DA:1681,0
DA:1688,0
DA:1689,0
DA:1690,0
DA:1691,0
DA:1693,0
DA:1700,0
DA:1702,0
DA:1703,0
DA:1705,0
DA:1706,0
DA:1715,0
DA:1725,0
DA:1734,0
DA:1735,0
DA:1736,0
DA:1739,0
DA:1741,0
DA:1746,0
DA:1756,0
DA:1757,0
DA:1764,0
DA:1766,0
DA:1767,0
DA:1772,0
DA:1784,0
DA:1785,0
DA:1788,0
DA:1791,0
DA:1792,0
DA:1793,0
DA:1794,0
DA:1795,0
DA:1796,0
DA:1800,0
DA:1805,0
DA:1811,0
DA:1816,0
DA:1823,0
DA:1850,0
DA:1861,0
DA:1918,0
DA:1921,0
DA:1928,0
DA:1930,0
DA:1931,0
DA:1932,0
DA:1933,0
DA:1934,0
DA:1950,0
DA:1959,0
DA:1960,0
DA:1964,0
DA:2062,0
DA:2063,0
DA:2068,0
DA:2071,0
DA:2072,0
DA:2073,0
DA:2074,0
DA:2078,0
DA:2083,0
DA:2088,0
DA:2089,0
DA:2090,0
DA:2092,0
DA:2104,0
DA:2108,0
DA:2120,0
DA:2123,0
DA:2124,0
DA:2126,0
DA:2127,0
DA:2128,0
DA:2140,0
DA:2142,0
DA:2146,0
DA:2147,0
DA:2153,0
DA:2156,0
DA:2160,0
DA:2164,0
DA:2168,0
DA:2204,0
DA:2216,0
DA:2219,0
DA:2220,0
DA:2222,0
DA:2223,0
DA:2224,0
DA:2236,0
DA:2237,0
DA:2243,0
DA:2244,0
DA:2245,0
DA:2248,0
DA:2253,0
DA:2255,0
DA:2259,0
DA:2263,0
LF:488
LH:21
BRDA:120,0,0,0
BRDA:120,0,1,0
BRDA:121,1,0,0
BRDA:121,1,1,0
BRDA:124,2,0,0
BRDA:124,2,1,0
BRDA:125,3,0,0
BRDA:125,3,1,0
BRDA:127,4,0,0
BRDA:127,5,0,0
BRDA:127,5,1,0
BRDA:127,5,2,0
BRDA:135,6,0,0
BRDA:148,7,0,0
BRDA:148,7,1,0
BRDA:151,8,0,0
BRDA:151,8,1,0
BRDA:158,9,0,0
BRDA:158,9,1,0
BRDA:166,10,0,0
BRDA:166,10,1,0
BRDA:177,11,0,0
BRDA:177,11,1,0
BRDA:183,12,0,0
BRDA:183,12,1,0
BRDA:189,13,0,0
BRDA:189,13,1,0
BRDA:195,14,0,0
BRDA:195,14,1,0
BRDA:202,15,0,0
BRDA:210,16,0,0
BRDA:219,17,0,0
BRDA:226,18,0,0
BRDA:236,19,0,0
BRDA:236,19,1,0
BRDA:242,20,0,0
BRDA:252,21,0,0
BRDA:268,22,0,0
BRDA:268,22,1,0
BRDA:302,23,0,0
BRDA:302,23,1,0
BRDA:302,24,0,0
BRDA:302,24,1,0
BRDA:304,25,0,0
BRDA:304,25,1,0
BRDA:307,26,0,0
BRDA:307,26,1,0
BRDA:309,27,0,0
BRDA:309,27,1,0
BRDA:312,28,0,0
BRDA:312,28,1,0
BRDA:312,29,0,0
BRDA:312,29,1,0
BRDA:315,30,0,0
BRDA:315,30,1,0
BRDA:316,31,0,0
BRDA:316,31,1,0
BRDA:323,32,0,0
BRDA:323,32,1,0
BRDA:326,33,0,0
BRDA:326,33,1,0
BRDA:328,34,0,0
BRDA:328,34,1,0
BRDA:329,35,0,0
BRDA:329,35,1,0
BRDA:336,36,0,0
BRDA:336,36,1,0
BRDA:336,37,0,0
BRDA:336,37,1,0
BRDA:338,38,0,0
BRDA:338,38,1,0
BRDA:341,39,0,0
BRDA:341,39,1,0
BRDA:343,40,0,0
BRDA:343,40,1,0
BRDA:346,41,0,0
BRDA:346,41,1,0
BRDA:346,42,0,0
BRDA:346,42,1,0
BRDA:349,43,0,0
BRDA:349,43,1,0
BRDA:350,44,0,0
BRDA:350,44,1,0
BRDA:357,45,0,0
BRDA:357,45,1,0
BRDA:360,46,0,0
BRDA:360,46,1,0
BRDA:362,47,0,0
BRDA:362,47,1,0
BRDA:363,48,0,0
BRDA:363,48,1,0
BRDA:370,49,0,0
BRDA:370,49,1,0
BRDA:370,50,0,0
BRDA:370,50,1,0
BRDA:372,51,0,0
BRDA:372,51,1,0
BRDA:375,52,0,0
BRDA:375,52,1,0
BRDA:377,53,0,0
BRDA:377,53,1,0
BRDA:380,54,0,0
BRDA:380,54,1,0
BRDA:380,55,0,0
BRDA:380,55,1,0
BRDA:383,56,0,0
BRDA:383,56,1,0
BRDA:384,57,0,0
BRDA:384,57,1,0
BRDA:391,58,0,0
BRDA:391,58,1,0
BRDA:394,59,0,0
BRDA:394,59,1,0
BRDA:396,60,0,0
BRDA:396,60,1,0
BRDA:397,61,0,0
BRDA:397,61,1,0
BRDA:404,62,0,0
BRDA:404,62,1,0
BRDA:404,63,0,0
BRDA:404,63,1,0
BRDA:406,64,0,0
BRDA:406,64,1,0
BRDA:409,65,0,0
BRDA:409,65,1,0
BRDA:411,66,0,0
BRDA:411,66,1,0
BRDA:414,67,0,0
BRDA:414,67,1,0
BRDA:414,68,0,0
BRDA:414,68,1,0
BRDA:417,69,0,0
BRDA:417,69,1,0
BRDA:418,70,0,0
BRDA:418,70,1,0
BRDA:425,71,0,0
BRDA:425,71,1,0
BRDA:428,72,0,0
BRDA:428,72,1,0
BRDA:430,73,0,0
BRDA:430,73,1,0
BRDA:431,74,0,0
BRDA:431,74,1,0
BRDA:580,75,0,0
BRDA:583,76,0,0
BRDA:583,76,1,0
BRDA:591,77,0,0
BRDA:591,77,1,0
BRDA:618,78,0,0
BRDA:618,78,1,0
BRDA:618,78,2,0
BRDA:624,79,0,0
BRDA:624,79,1,0
BRDA:628,80,0,0
BRDA:628,80,1,0
BRDA:634,81,0,0
BRDA:634,81,1,0
BRDA:637,82,0,0
BRDA:637,82,1,0
BRDA:649,83,0,0
BRDA:649,83,1,0
BRDA:675,84,0,0
BRDA:790,85,0,0
BRDA:793,86,0,0
BRDA:795,87,0,0
BRDA:795,87,1,0
BRDA:798,88,0,0
BRDA:798,88,1,0
BRDA:805,89,0,0
BRDA:805,89,1,0
BRDA:805,89,2,0
BRDA:811,90,0,0
BRDA:811,90,1,0
BRDA:811,91,0,0
BRDA:811,91,1,0
BRDA:813,92,0,0
BRDA:813,92,1,0
BRDA:815,93,0,0
BRDA:815,93,1,0
BRDA:823,94,0,0
BRDA:824,95,0,0
BRDA:826,96,0,0
BRDA:831,97,0,0
BRDA:831,97,1,0
BRDA:840,98,0,0
BRDA:854,99,0,0
BRDA:854,99,1,0
BRDA:862,100,0,0
BRDA:863,101,0,0
BRDA:873,102,0,0
BRDA:873,103,0,0
BRDA:873,103,1,0
BRDA:875,104,0,0
BRDA:879,105,0,0
BRDA:879,105,1,0
BRDA:880,106,0,0
BRDA:880,106,1,0
BRDA:881,107,0,0
BRDA:881,107,1,0
BRDA:887,108,0,0
BRDA:887,109,0,0
BRDA:887,109,1,0
BRDA:890,110,0,0
BRDA:894,111,0,0
BRDA:894,111,1,0
BRDA:895,112,0,0
BRDA:895,112,1,0
BRDA:896,113,0,0
BRDA:896,113,1,0
BRDA:897,114,0,0
BRDA:897,114,1,0
BRDA:898,115,0,0
BRDA:898,115,1,0
BRDA:908,116,0,0
BRDA:919,117,0,0
BRDA:921,118,0,0
BRDA:922,119,0,0
BRDA:922,119,1,0
BRDA:922,119,2,0
BRDA:927,120,0,0
BRDA:940,121,0,0
BRDA:962,122,0,0
BRDA:983,123,0,0
BRDA:991,124,0,0
BRDA:991,124,1,0
BRDA:992,125,0,0
BRDA:992,125,1,0
BRDA:992,125,2,0
BRDA:1000,126,0,0
BRDA:1018,127,0,0
BRDA:1040,128,0,0
BRDA:1055,129,0,0
BRDA:1055,129,1,0
BRDA:1056,130,0,0
BRDA:1056,130,1,0
BRDA:1070,131,0,0
BRDA:1070,131,1,0
BRDA:1074,132,0,0
BRDA:1074,132,1,0
BRDA:1075,133,0,0
BRDA:1075,133,1,0
BRDA:1079,134,0,0
BRDA:1095,135,0,0
BRDA:1095,135,1,0
BRDA:1097,136,0,0
BRDA:1097,136,1,0
BRDA:1101,137,0,0
BRDA:1101,137,1,0
BRDA:1104,138,0,0
BRDA:1123,139,0,0
BRDA:1123,139,1,0
BRDA:1130,140,0,0
BRDA:1142,141,0,0
BRDA:1142,141,1,0
BRDA:1147,142,0,0
BRDA:1152,143,0,0
BRDA:1170,144,0,0
BRDA:1170,145,0,0
BRDA:1170,145,1,0
BRDA:1177,146,0,0
BRDA:1177,146,1,0
BRDA:1184,147,0,0
BRDA:1184,147,1,0
BRDA:1198,148,0,0
BRDA:1198,148,1,0
BRDA:1215,149,0,0
BRDA:1215,149,1,0
BRDA:1269,150,0,0
BRDA:1269,150,1,0
BRDA:1284,151,0,0
BRDA:1290,152,0,0
BRDA:1290,152,1,0
BRDA:1295,153,0,0
BRDA:1295,153,1,0
BRDA:1299,154,0,0
BRDA:1299,154,1,0
BRDA:1313,155,0,0
BRDA:1319,156,0,0
BRDA:1319,156,1,0
BRDA:1324,157,0,0
BRDA:1324,157,1,0
BRDA:1328,158,0,0
BRDA:1328,158,1,0
BRDA:1342,159,0,0
BRDA:1346,160,0,0
BRDA:1346,160,1,0
BRDA:1351,161,0,0
BRDA:1351,161,1,0
BRDA:1355,162,0,0
BRDA:1355,162,1,0
BRDA:1359,163,0,0
BRDA:1359,163,1,0
BRDA:1373,164,0,0
BRDA:1377,165,0,0
BRDA:1377,165,1,0
BRDA:1385,166,0,0
BRDA:1385,166,1,0
BRDA:1389,167,0,0
BRDA:1389,167,1,0
BRDA:1409,168,0,0
BRDA:1410,169,0,0
BRDA:1410,170,0,0
BRDA:1410,170,1,0
BRDA:1416,171,0,0
BRDA:1422,172,0,0
BRDA:1442,173,0,0
BRDA:1453,174,0,0
BRDA:1463,175,0,0
BRDA:1464,176,0,0
BRDA:1464,176,1,0
BRDA:1464,176,2,0
BRDA:1488,177,0,0
BRDA:1517,178,0,0
BRDA:1517,178,1,0
BRDA:1518,179,0,0
BRDA:1518,179,1,0
BRDA:1526,180,0,0
BRDA:1526,180,1,0
BRDA:1529,181,0,0
BRDA:1530,182,0,0
BRDA:1530,182,1,0
BRDA:1530,182,2,0
BRDA:1538,183,0,0
BRDA:1538,184,0,0
BRDA:1538,184,1,0
BRDA:1543,185,0,0
BRDA:1543,186,0,0
BRDA:1543,186,1,0
BRDA:1548,187,0,0
BRDA:1548,187,1,0
BRDA:1552,188,0,0
BRDA:1552,188,1,0
BRDA:1556,189,0,0
BRDA:1557,190,0,0
BRDA:1557,190,1,0
BRDA:1557,190,2,0
BRDA:1557,190,3,0
BRDA:1557,190,4,0
BRDA:1573,191,0,0
BRDA:1573,191,1,0
BRDA:1577,192,0,0
BRDA:1601,193,0,0
BRDA:1603,194,0,0
BRDA:1610,195,0,0
BRDA:1628,196,0,0
BRDA:1641,197,0,0
BRDA:1657,198,0,0
BRDA:1661,199,0,0
BRDA:1661,199,1,0
BRDA:1677,200,0,0
BRDA:1677,200,1,0
BRDA:1688,201,0,0
BRDA:1690,202,0,0
BRDA:1700,203,0,0
BRDA:1734,204,0,0
BRDA:1739,205,0,0
BRDA:1739,205,1,0
BRDA:1739,205,2,0
BRDA:1756,206,0,0
BRDA:1784,207,0,0
BRDA:1784,208,0,0
BRDA:1784,208,1,0
BRDA:1795,209,0,0
BRDA:1795,209,1,0
BRDA:1840,210,0,0
BRDA:1840,210,1,0
BRDA:1855,211,0,0
BRDA:1855,211,1,0
BRDA:1936,212,0,0
BRDA:1936,212,1,0
BRDA:1940,213,0,0
BRDA:1940,213,1,0
BRDA:1944,214,0,0
BRDA:1944,214,1,0
BRDA:1959,215,0,0
BRDA:1959,216,0,0
BRDA:1959,216,1,0
BRDA:2062,217,0,0
BRDA:2072,218,0,0
BRDA:2072,218,1,0
BRDA:2074,219,0,0
BRDA:2075,220,0,0
BRDA:2075,220,1,0
BRDA:2083,221,0,0
BRDA:2083,221,1,0
BRDA:2094,222,0,0
BRDA:2094,222,1,0
BRDA:2099,223,0,0
BRDA:2099,223,1,0
BRDA:2146,224,0,0
BRDA:2245,225,0,0
BRDA:2245,225,1,0
BRF:392
BRH:0
end_of_record
TN:
SF:src/candidate/dto/endorse-candidate.dto.ts
FNF:0
FNH:0
DA:1,0
DA:2,0
DA:4,0
DA:7,0
DA:11,0
LF:5
LH:0
BRF:0
BRH:0
end_of_record
TN:
SF:src/candidate/dto/remove-candidate.dto.ts
FNF:0
FNH:0
DA:1,0
DA:2,0
DA:4,0
DA:7,0
DA:11,0
LF:5
LH:0
BRF:0
BRH:0
end_of_record
TN:
SF:src/candidate/dto/update-candidate.dto.ts
FNF:0
FNH:0
DA:1,0
DA:2,0
DA:4,0
DA:8,0
DA:13,0
DA:21,0
DA:29,0
DA:37,0
DA:45,0
DA:53,0
DA:61,0
LF:11
LH:0
BRF:0
BRH:0
end_of_record
TN:
SF:src/candidate/dto/updateStatus-candidate.dto.ts
FNF:0
FNH:0
DA:1,0
DA:2,0
DA:3,0
DA:5,0
DA:13,0
LF:5
LH:0
BRF:0
BRH:0
end_of_record
TN:
SF:src/candidate/entities/candidate.entity.ts
FNF:0
FNH:0
DA:1,0
LF:1
LH:0
BRF:0
BRH:0
end_of_record
TN:
SF:src/common/constant/activeDealPipelines.ts
FN:6,(anonymous_0)
FNF:1
FNH:1
FNDA:54,(anonymous_0)
DA:1,2
DA:3,2
DA:7,54
LF:3
LH:3
BRDA:7,0,0,54
BRDA:7,0,1,52
BRDA:7,0,2,50
BRDA:7,0,3,48
BRDA:7,0,4,46
BRDA:7,0,5,44
BRDA:7,0,6,42
BRDA:7,0,7,40
BRF:8
BRH:8
end_of_record
TN:
SF:src/common/constant/commissions.ts
FNF:0
FNH:0
DA:1,0
LF:1
LH:0
BRF:0
BRH:0
end_of_record
TN:
SF:src/common/constant/latin-america-countries.ts
FNF:0
FNH:0
DA:1,2
LF:1
LH:1
BRF:0
BRH:0
end_of_record
TN:
SF:src/common/dictionaries/HRTicket-dicionary.ts
FN:40,(anonymous_0)
FNF:1
FNH:1
FNDA:120,(anonymous_0)
DA:1,4
DA:38,4
DA:40,120
DA:43,4
LF:4
LH:4
BRF:0
BRH:0
end_of_record
TN:
SF:src/common/dictionaries/affiliate-dictionary.ts
FN:13,(anonymous_0)
FNF:1
FNH:1
FNDA:14,(anonymous_0)
DA:1,2
DA:11,2
DA:13,14
LF:3
LH:3
BRF:0
BRH:0
end_of_record
TN:
SF:src/common/dictionaries/approved-positions-pairing-dictionary.ts
FN:48,(anonymous_0)
FN:55,getApprovedPositionLabel
FNF:2
FNH:1
FNDA:78,(anonymous_0)
FNDA:0,getApprovedPositionLabel
DA:3,2
DA:46,2
DA:48,78
DA:55,2
DA:56,0
LF:5
LH:4
BRDA:56,0,0,0
BRDA:56,0,1,0
BRF:2
BRH:0
end_of_record
TN:
SF:src/common/dictionaries/candidate-dictionary.ts
FN:84,(anonymous_0)
FNF:1
FNH:1
FNDA:102,(anonymous_0)
DA:1,2
DA:82,2
DA:84,102
LF:3
LH:3
BRF:0
BRH:0
end_of_record
TN:
SF:src/common/dictionaries/contact-dictionary.ts
FN:18,(anonymous_0)
FNF:1
FNH:1
FNDA:26,(anonymous_0)
DA:1,2
DA:17,2
DA:18,26
LF:3
LH:3
BRF:0
BRH:0
end_of_record
TN:
SF:src/common/dictionaries/deal-dictionary.ts
FN:20,(anonymous_0)
FNF:1
FNH:1
FNDA:28,(anonymous_0)
DA:1,2
DA:19,2
DA:20,28
LF:3
LH:3
BRF:0
BRH:0
end_of_record
TN:
SF:src/common/dictionaries/deal-pipeline-dictionary.ts
FN:35,(anonymous_0)
FNF:1
FNH:1
FNDA:54,(anonymous_0)
DA:2,2
DA:33,2
DA:35,54
LF:3
LH:3
BRF:0
BRH:0
end_of_record
TN:
SF:src/common/dictionaries/hire-request-dictionary.ts
FNF:0
FNH:0
DA:1,0
LF:1
LH:0
BRF:0
BRH:0
end_of_record
TN:
SF:src/common/dictionaries/invoice-dictionary.ts
FN:13,(anonymous_0)
FNF:1
FNH:1
FNDA:16,(anonymous_0)
DA:1,2
DA:12,2
DA:13,16
LF:3
LH:3
BRF:0
BRH:0
end_of_record
TN:
SF:src/common/dictionaries/organization-dictionary.ts
FN:25,(anonymous_0)
FNF:1
FNH:1
FNDA:38,(anonymous_0)
DA:1,2
DA:23,2
DA:25,38
LF:3
LH:3
BRF:0
BRH:0
end_of_record
TN:
SF:src/common/dictionaries/organizationIndustry-dictionary.ts
FN:153,(anonymous_0)
FNF:1
FNH:1
FNDA:294,(anonymous_0)
DA:1,2
DA:151,2
DA:153,294
LF:3
LH:3
BRF:0
BRH:0
end_of_record
TN:
SF:src/common/dictionaries/owner-dictionary.ts
FN:9,(anonymous_0)
FNF:1
FNH:1
FNDA:8,(anonymous_0)
DA:1,2
DA:8,2
DA:9,8
LF:3
LH:3
BRF:0
BRH:0
end_of_record
TN:
SF:src/common/dictionaries/staff-status-dictionary.ts
FNF:0
FNH:0
DA:1,2
LF:1
LH:1
BRF:0
BRH:0
end_of_record
TN:
SF:src/common/dictionaries/stage-dictionary.ts
FN:21,(anonymous_0)
FNF:1
FNH:1
FNDA:26,(anonymous_0)
DA:1,2
DA:18,2
DA:22,26
DA:23,26
LF:4
LH:4
BRF:0
BRH:0
end_of_record
TN:
SF:src/common/dictionaries/ticket-type.ts
FN:13,(anonymous_0)
FNF:1
FNH:1
FNDA:12,(anonymous_0)
DA:1,2
DA:11,2
DA:13,12
LF:3
LH:3
BRF:0
BRH:0
end_of_record
TN:
SF:src/common/utils/commission-idempotency.ts
FN:3,buildCommissionIdempotencyKey
FNF:1
FNH:0
FNDA:0,buildCommissionIdempotencyKey
DA:1,2
DA:3,2
DA:10,0
DA:18,0
LF:4
LH:2
BRDA:13,0,0,0
BRDA:13,0,1,0
BRF:2
BRH:0
end_of_record
TN:
SF:src/common/utils/formatDate.ts
FN:1,formatTimestampToUSShort
FN:14,dateToTimestamp
FN:25,timestampToUSDate
FN:42,timestampToDate
FN:51,formatDateForCA
FN:59,(anonymous_5)
FN:60,(anonymous_6)
FN:61,(anonymous_7)
FN:66,getNowInTimezone
FN:81,(anonymous_9)
FN:81,(anonymous_10)
FNF:11
FNH:4
FNDA:0,formatTimestampToUSShort
FNDA:0,dateToTimestamp
FNDA:0,timestampToUSDate
FNDA:0,timestampToDate
FNDA:1,formatDateForCA
FNDA:1,(anonymous_5)
FNDA:3,(anonymous_6)
FNDA:5,(anonymous_7)
FNDA:0,getNowInTimezone
FNDA:0,(anonymous_9)
FNDA:0,(anonymous_10)
DA:1,4
DA:2,0
DA:3,0
DA:5,0
DA:7,0
DA:8,0
DA:9,0
DA:11,0
DA:14,4
DA:15,0
DA:16,0
DA:18,0
DA:20,0
DA:22,0
DA:25,4
DA:26,0
DA:28,0
DA:30,0
DA:32,0
DA:34,0
DA:35,0
DA:36,0
DA:37,0
DA:39,0
DA:42,4
DA:43,0
DA:44,0
DA:45,0
DA:46,0
DA:51,4
DA:52,1
DA:59,1
DA:60,3
DA:61,5
DA:63,1
DA:66,4
DA:67,0
DA:68,0
DA:79,0
DA:80,0
DA:81,0
DA:83,0
DA:84,0
DA:85,0
DA:86,0
DA:87,0
DA:88,0
DA:89,0
DA:93,0
DA:94,0
LF:50
LH:11
BRDA:15,0,0,0
BRDA:15,1,0,0
BRDA:15,1,1,0
BRDA:26,2,0,0
BRDA:30,3,0,0
BRDA:43,4,0,0
BRDA:45,5,0,0
BRDA:89,6,0,0
BRDA:89,6,1,0
BRF:9
BRH:0
end_of_record
TN:
SF:src/common/utils/generateCode.util.ts
FN:3,generateVerificationCode
FNF:1
FNH:0
FNDA:0,generateVerificationCode
DA:1,2
DA:3,2
DA:5,0
DA:6,0
DA:7,0
DA:9,0
DA:10,0
DA:13,0
LF:8
LH:2
BRF:0
BRH:0
end_of_record
TN:
SF:src/common/utils/hubspot.util.ts
FN:45,extractDriveFileId
FN:50,mapHubspotToDb
FN:71,mapDbToHubspot
FN:82,mapOrganizationToDb
FN:105,mapDbToOrganization
FN:126,mapOrganizationToDbHubspot
FN:140,mapOwnerToDb
FN:151,mapContactToDb
FN:162,mapDealToDb
FN:173,mapHRTicketToDb
FN:184,mapInvoiceToDb
FN:195,changeLabelAvailability
FN:208,resolvePaidAt
FNF:13
FNH:0
FNDA:0,extractDriveFileId
FNDA:0,mapHubspotToDb
FNDA:0,mapDbToHubspot
FNDA:0,mapOrganizationToDb
FNDA:0,mapDbToOrganization
FNDA:0,mapOrganizationToDbHubspot
FNDA:0,mapOwnerToDb
FNDA:0,mapContactToDb
FNDA:0,mapDealToDb
FNDA:0,mapHRTicketToDb
FNDA:0,mapInvoiceToDb
FNDA:0,changeLabelAvailability
FNDA:0,resolvePaidAt
DA:1,0
DA:2,0
DA:3,0
DA:7,0
DA:12,0
DA:13,0
DA:14,0
DA:15,0
DA:16,0
DA:45,0
DA:46,0
DA:47,0
DA:50,0
DA:53,0
DA:55,0
DA:56,0
DA:58,0
DA:59,0
DA:60,0
DA:61,0
DA:64,0
DA:68,0
DA:71,0
DA:72,0
DA:73,0
DA:74,0
DA:75,0
DA:76,0
DA:79,0
DA:82,0
DA:85,0
DA:87,0
DA:90,0
DA:91,0
DA:93,0
DA:94,0
DA:99,0
DA:102,0
DA:105,0
DA:108,0
DA:110,0
DA:113,0
DA:114,0
DA:116,0
DA:117,0
DA:120,0
DA:123,0
DA:126,0
DA:127,0
DA:129,0
DA:132,0
DA:133,0
DA:135,0
DA:137,0
DA:140,0
DA:141,0
DA:143,0
DA:144,0
DA:145,0
DA:148,0
DA:151,0
DA:152,0
DA:154,0
DA:155,0
DA:156,0
DA:159,0
DA:162,0
DA:163,0
DA:165,0
DA:166,0
DA:167,0
DA:170,0
DA:173,0
DA:174,0
DA:176,0
DA:177,0
DA:178,0
DA:181,0
DA:184,0
DA:185,0
DA:187,0
DA:188,0
DA:189,0
DA:192,0
DA:195,0
DA:196,0
DA:208,0
DA:212,0
DA:213,0
DA:215,0
DA:216,0
DA:218,0
DA:219,0
DA:220,0
DA:228,0
DA:229,0
DA:231,0
LF:97
LH:0
BRDA:47,0,0,0
BRDA:47,0,1,0
BRDA:58,1,0,0
BRDA:59,2,0,0
BRDA:59,2,1,0
BRDA:75,3,0,0
BRDA:91,4,0,0
BRDA:93,5,0,0
BRDA:93,5,1,0
BRDA:95,6,0,0
BRDA:95,6,1,0
BRDA:114,7,0,0
BRDA:116,8,0,0
BRDA:116,8,1,0
BRDA:118,9,0,0
BRDA:118,9,1,0
BRDA:133,10,0,0
BRDA:144,11,0,0
BRDA:155,12,0,0
BRDA:166,13,0,0
BRDA:177,14,0,0
BRDA:188,15,0,0
BRDA:196,16,0,0
BRDA:196,16,1,0
BRDA:198,17,0,0
BRDA:198,17,1,0
BRDA:212,18,0,0
BRDA:215,19,0,0
BRDA:229,20,0,0
BRDA:229,20,1,0
BRF:30
BRH:0
end_of_record
TN:
SF:src/common/utils/salary.util.ts
FN:42,toNum
FN:50,floorPriceKey
FN:69,findMinFloorConfig
FN:95,buildConfigMap
FN:98,(anonymous_4)
FN:101,computeCandidateRates
FN:161,findPayRateMonthly
FN:177,findBillRateHourly
FN:190,findBillRateMonthly
FN:203,findHourlyPerRate
FNF:10
FNH:0
FNDA:0,toNum
FNDA:0,floorPriceKey
FNDA:0,findMinFloorConfig
FNDA:0,buildConfigMap
FNDA:0,(anonymous_4)
FNDA:0,computeCandidateRates
FNDA:0,findPayRateMonthly
FNDA:0,findBillRateHourly
FNDA:0,findBillRateMonthly
FNDA:0,findHourlyPerRate
DA:1,2
DA:4,2
DA:5,2
DA:6,2
DA:45,0
DA:46,0
DA:54,0
DA:55,0
DA:59,0
DA:74,0
DA:75,0
DA:78,0
DA:79,0
DA:80,0
DA:81,0
DA:82,0
DA:86,0
DA:95,2
DA:98,0
DA:101,2
DA:105,0
DA:106,0
DA:108,0
DA:109,0
DA:110,0
DA:111,0
DA:115,0
DA:117,0
DA:118,0
DA:119,0
DA:121,0
DA:123,0
DA:127,0
DA:129,0
DA:130,0
DA:131,0
DA:136,0
DA:137,0
DA:139,0
DA:141,0
DA:144,0
DA:145,0
DA:147,0
DA:161,2
DA:166,0
DA:169,0
DA:177,2
DA:182,0
DA:183,0
DA:190,2
DA:195,0
DA:198,0
DA:203,2
DA:204,0
LF:54
LH:10
BRDA:45,0,0,0
BRDA:46,1,0,0
BRDA:46,1,1,0
BRDA:54,2,0,0
BRDA:55,3,0,0
BRDA:55,3,1,0
BRDA:59,4,0,0
BRDA:59,4,1,0
BRDA:80,5,0,0
BRDA:80,6,0,0
BRDA:80,6,1,0
BRDA:80,6,2,0
BRDA:105,7,0,0
BRDA:105,7,1,0
BRDA:106,8,0,0
BRDA:106,8,1,0
BRDA:108,9,0,0
BRDA:108,9,1,0
BRDA:109,10,0,0
BRDA:109,10,1,0
BRDA:111,11,0,0
BRDA:111,11,1,0
BRDA:117,12,0,0
BRDA:117,12,1,0
BRDA:121,13,0,0
BRDA:121,13,1,0
BRDA:127,14,0,0
BRDA:127,14,1,0
BRDA:130,15,0,0
BRDA:139,16,0,0
BRDA:139,16,1,0
BRDA:144,17,0,0
BRDA:144,17,1,0
BRDA:145,18,0,0
BRDA:145,18,1,0
BRDA:166,19,0,0
BRDA:166,19,1,0
BRDA:182,20,0,0
BRDA:182,20,1,0
BRDA:183,21,0,0
BRDA:183,21,1,0
BRDA:195,22,0,0
BRDA:195,22,1,0
BRF:43
BRH:0
end_of_record
TN:
SF:src/common/utils/email-templates/client-users-deactivation-report.ts
FN:10,clientUsersDeactivationReport
FN:15,(anonymous_1)
FN:24,(anonymous_2)
FN:30,(anonymous_3)
FNF:4
FNH:0
FNDA:0,clientUsersDeactivationReport
FNDA:0,(anonymous_1)
FNDA:0,(anonymous_2)
FNDA:0,(anonymous_3)
DA:1,0
DA:10,0
DA:15,0
DA:16,0
DA:24,0
DA:25,0
DA:26,0
DA:28,0
DA:30,0
DA:41,0
LF:10
LH:0
BRDA:25,0,0,0
BRF:1
BRH:0
end_of_record
TN:
SF:src/common/utils/email-templates/components.ts
FN:6,getEmailHeader
FN:18,getEmailFooter
FNF:2
FNH:2
FNDA:2,getEmailHeader
FNDA:2,getEmailFooter
DA:3,2
DA:4,2
DA:6,2
DA:7,2
DA:8,2
DA:10,2
DA:18,2
DA:19,2
DA:20,2
DA:22,2
DA:37,2
DA:38,2
LF:12
LH:12
BRDA:4,0,0,2
BRDA:4,0,1,2
BRDA:7,1,0,2
BRDA:7,1,1,2
BRDA:8,2,0,2
BRDA:8,2,1,2
BRDA:12,3,0,0
BRDA:12,3,1,2
BRDA:19,4,0,2
BRDA:19,4,1,2
BRDA:20,5,0,2
BRDA:20,5,1,2
BRF:12
BRH:11
end_of_record
TN:
SF:src/common/utils/email-templates/cron-job-error-report.ts
FN:3,cronJobErrorReport
FN:8,(anonymous_1)
FNF:2
FNH:0
FNDA:0,cronJobErrorReport
FNDA:0,(anonymous_1)
DA:1,0
DA:3,0
DA:8,0
DA:9,0
DA:17,0
DA:20,0
DA:24,0
LF:7
LH:0
BRDA:17,0,0,0
BRDA:17,0,1,0
BRDA:20,1,0,0
BRDA:20,1,1,0
BRDA:20,2,0,0
BRDA:20,2,1,0
BRF:6
BRH:0
end_of_record
TN:
SF:src/common/utils/email-templates/googleTokenExpired.ts
FN:3,googleTokenExpired
FNF:1
FNH:0
FNDA:0,googleTokenExpired
DA:1,2
DA:3,2
DA:4,0
LF:3
LH:2
BRF:0
BRH:0
end_of_record
TN:
SF:src/common/utils/email-templates/googledrive-failed.ts
FN:3,googleDriveFailed
FNF:1
FNH:0
FNDA:0,googleDriveFailed
DA:1,0
DA:3,0
DA:7,0
LF:3
LH:0
BRF:0
BRH:0
end_of_record
TN:
SF:src/common/utils/email-templates/insufficient_quota-openai.ts
FN:3,insufficient_quota
FNF:1
FNH:0
FNDA:0,insufficient_quota
DA:1,2
DA:3,2
DA:4,0
LF:3
LH:2
BRF:0
BRH:0
end_of_record
TN:
SF:src/common/utils/email-templates/invite-signup.ts
FN:4,InviteSignup
FNF:1
FNH:0
FNDA:0,InviteSignup
DA:4,2
DA:5,0
DA:6,0
DA:7,0
DA:9,0
LF:5
LH:1
BRDA:5,0,0,0
BRDA:5,0,1,0
BRDA:6,1,0,0
BRDA:6,1,1,0
BRDA:7,2,0,0
BRDA:7,2,1,0
BRDA:134,3,0,0
BRDA:134,3,1,0
BRF:8
BRH:0
end_of_record
TN:
SF:src/common/utils/email-templates/med-alliance-deployed-companies-report.ts
FN:10,medAllianceDeployedCompaniesReport
FN:26,(anonymous_1)
FN:33,(anonymous_2)
FN:45,(anonymous_3)
FNF:4
FNH:0
FNDA:0,medAllianceDeployedCompaniesReport
FNDA:0,(anonymous_1)
FNDA:0,(anonymous_2)
FNDA:0,(anonymous_3)
DA:1,0
DA:10,0
DA:15,0
DA:25,0
DA:26,0
DA:29,0
DA:31,0
DA:33,0
DA:43,0
DA:45,0
DA:53,0
DA:70,0
DA:84,0
DA:88,0
LF:14
LH:0
BRDA:29,0,0,0
BRDA:29,0,1,0
BRDA:53,1,0,0
BRDA:53,1,1,0
BRDA:70,2,0,0
BRDA:70,2,1,0
BRDA:84,3,0,0
BRDA:84,3,1,0
BRDA:104,4,0,0
BRDA:104,4,1,0
BRDA:105,5,0,0
BRDA:105,5,1,0
BRDA:106,6,0,0
BRDA:106,6,1,0
BRDA:108,7,0,0
BRDA:108,7,1,0
BRDA:109,8,0,0
BRDA:109,8,1,0
BRDA:110,9,0,0
BRDA:110,9,1,0
BRDA:112,10,0,0
BRDA:112,10,1,0
BRDA:113,11,0,0
BRDA:113,11,1,0
BRDA:114,12,0,0
BRDA:114,12,1,0
BRF:26
BRH:0
end_of_record
TN:
SF:src/common/utils/email-templates/med-alliance-invitation-for-org-users.ts
FN:4,MedAllianceInvitationForOrgUsers
FNF:1
FNH:0
FNDA:0,MedAllianceInvitationForOrgUsers
DA:1,0
DA:4,0
DA:8,0
DA:9,0
DA:10,0
DA:11,0
DA:13,0
LF:7
LH:0
BRDA:8,0,0,0
BRDA:8,0,1,0
BRDA:9,1,0,0
BRDA:9,1,1,0
BRDA:10,2,0,0
BRDA:10,2,1,0
BRDA:110,3,0,0
BRDA:110,3,1,0
BRF:8
BRH:0
end_of_record
TN:
SF:src/common/utils/email-templates/med-alliance-invitation.ts
FN:4,MedAllianceInvitation
FNF:1
FNH:0
FNDA:0,MedAllianceInvitation
DA:1,0
DA:4,0
DA:8,0
DA:9,0
DA:10,0
DA:11,0
DA:13,0
LF:7
LH:0
BRDA:8,0,0,0
BRDA:8,0,1,0
BRDA:9,1,0,0
BRDA:9,1,1,0
BRDA:10,2,0,0
BRDA:10,2,1,0
BRDA:110,3,0,0
BRDA:110,3,1,0
BRF:8
BRH:0
end_of_record
TN:
SF:src/common/utils/email-templates/med-alliance-invite-signup.ts
FN:4,MedAllianceInviteSignup
FNF:1
FNH:0
FNDA:0,MedAllianceInviteSignup
DA:1,0
DA:4,0
DA:9,0
DA:10,0
DA:11,0
DA:12,0
DA:14,0
LF:7
LH:0
BRDA:9,0,0,0
BRDA:9,0,1,0
BRDA:10,1,0,0
BRDA:10,1,1,0
BRDA:11,2,0,0
BRDA:11,2,1,0
BRDA:12,3,0,0
BRDA:12,3,1,0
BRDA:123,4,0,0
BRDA:123,4,1,0
BRF:10
BRH:0
end_of_record
TN:
SF:src/common/utils/email-templates/new-positions-alert.ts
FN:3,newPositionsAlert
FN:6,(anonymous_1)
FNF:2
FNH:0
FNDA:0,newPositionsAlert
FNDA:0,(anonymous_1)
DA:1,0
DA:3,0
DA:4,0
DA:6,0
DA:19,0
LF:5
LH:0
BRF:0
BRH:0
end_of_record
TN:
SF:src/common/utils/email-templates/quarterly-payout-report.ts
FN:17,quarterlyPayoutReport
FN:33,(anonymous_1)
FN:38,(anonymous_2)
FN:51,(anonymous_3)
FNF:4
FNH:0
FNDA:0,quarterlyPayoutReport
FNDA:0,(anonymous_1)
FNDA:0,(anonymous_2)
FNDA:0,(anonymous_3)
DA:1,0
DA:17,0
DA:22,0
DA:32,0
DA:33,0
DA:36,0
DA:38,0
DA:49,0
DA:51,0
DA:61,0
DA:77,0
LF:11
LH:0
BRDA:61,0,0,0
BRDA:61,0,1,0
BRDA:101,1,0,0
BRDA:101,1,1,0
BRDA:102,2,0,0
BRDA:102,2,1,0
BRDA:103,3,0,0
BRDA:103,3,1,0
BRDA:109,4,0,0
BRDA:109,4,1,0
BRF:10
BRH:0
end_of_record
TN:
SF:src/common/utils/email-templates/reset-password.ts
FN:4,getResetPasswordTemplate
FNF:1
FNH:0
FNDA:0,getResetPasswordTemplate
DA:4,0
DA:9,0
DA:10,0
DA:11,0
DA:13,0
LF:5
LH:0
BRDA:9,0,0,0
BRDA:9,0,1,0
BRDA:10,1,0,0
BRDA:10,1,1,0
BRDA:11,2,0,0
BRDA:11,2,1,0
BRDA:139,3,0,0
BRDA:139,3,1,0
BRF:8
BRH:0
end_of_record
TN:
SF:src/common/utils/email-templates/schedule-interview.ts
FN:4,scheduleInterview
FNF:1
FNH:0
FNDA:0,scheduleInterview
DA:4,0
DA:8,0
DA:9,0
DA:10,0
DA:12,0
LF:5
LH:0
BRDA:8,0,0,0
BRDA:8,0,1,0
BRDA:9,1,0,0
BRDA:9,1,1,0
BRDA:10,2,0,0
BRDA:10,2,1,0
BRDA:137,3,0,0
BRDA:137,3,1,0
BRF:8
BRH:0
end_of_record
TN:
SF:src/common/utils/email-templates/system-report.ts
FN:4,systemReport
FN:12,(anonymous_1)
FN:38,(anonymous_2)
FNF:3
FNH:0
FNDA:0,systemReport
FNDA:0,(anonymous_1)
FNDA:0,(anonymous_2)
DA:1,0
DA:2,0
DA:4,0
DA:11,0
DA:13,0
DA:16,0
DA:37,0
DA:39,0
DA:43,0
DA:61,0
DA:63,0
LF:11
LH:0
BRDA:13,0,0,0
BRDA:13,0,1,0
BRDA:14,1,0,0
BRDA:14,1,1,0
BRDA:15,2,0,0
BRDA:15,2,1,0
BRDA:30,3,0,0
BRDA:30,3,1,0
BRDA:39,4,0,0
BRDA:39,4,1,0
BRDA:40,5,0,0
BRDA:40,5,1,0
BRDA:41,6,0,0
BRDA:41,6,1,0
BRF:14
BRH:0
end_of_record
TN:
SF:src/common/utils/email-templates/theme-helper.ts
FN:4,isUserBerryVirtual
FN:53,(anonymous_1)
FN:67,getUserEmailTheme
FNF:3
FNH:0
FNDA:0,isUserBerryVirtual
FNDA:0,(anonymous_1)
FNDA:0,getUserEmailTheme
DA:2,2
DA:4,2
DA:8,0
DA:10,0
DA:11,0
DA:14,0
DA:23,0
DA:24,0
DA:28,0
DA:29,0
DA:33,0
DA:34,0
DA:37,0
DA:52,0
DA:53,0
DA:57,0
DA:61,0
DA:63,0
DA:67,2
DA:68,0
DA:70,0
DA:71,0
DA:74,0
DA:83,0
DA:84,0
DA:88,0
DA:89,0
DA:93,0
DA:94,0
DA:97,0
DA:111,0
DA:114,0
DA:118,0
DA:120,0
LF:34
LH:3
BRDA:10,0,0,0
BRDA:10,1,0,0
BRDA:10,1,1,0
BRDA:10,1,2,0
BRDA:23,2,0,0
BRDA:28,3,0,0
BRDA:33,4,0,0
BRDA:53,5,0,0
BRDA:53,5,1,0
BRDA:57,6,0,0
BRDA:58,7,0,0
BRDA:58,7,1,0
BRDA:70,8,0,0
BRDA:70,9,0,0
BRDA:70,9,1,0
BRDA:70,9,2,0
BRDA:83,10,0,0
BRDA:88,11,0,0
BRDA:93,12,0,0
BRDA:114,13,0,0
BRDA:115,14,0,0
BRDA:115,14,1,0
BRF:22
BRH:0
end_of_record
TN:
SF:src/common/utils/email-templates/theme.ts
FN:10,getEmailThemeByBusinessUnit
FN:34,getEmailThemeByUserId
FN:40,(anonymous_2)
FN:45,(anonymous_3)
FNF:4
FNH:0
FNDA:0,getEmailThemeByBusinessUnit
FNDA:0,getEmailThemeByUserId
FNDA:0,(anonymous_2)
FNDA:0,(anonymous_3)
DA:10,2
DA:13,0
DA:15,0
DA:24,0
DA:34,2
DA:39,0
DA:40,0
DA:44,0
DA:45,0
DA:48,0
LF:10
LH:2
BRDA:13,0,0,0
BRDA:13,0,1,0
BRDA:13,0,2,0
BRDA:40,1,0,0
BRDA:40,1,1,0
BRDA:44,2,0,0
BRDA:44,2,1,0
BRDA:44,2,2,0
BRF:8
BRH:0
end_of_record
TN:
SF:src/common/utils/email-templates/verification-code.ts
FN:3,getVerificationCodeTemplate
FNF:1
FNH:0
FNDA:0,getVerificationCodeTemplate
DA:3,2
DA:9,0
DA:10,0
DA:12,0
LF:4
LH:1
BRDA:9,0,0,0
BRDA:9,0,1,0
BRDA:10,1,0,0
BRDA:10,1,1,0
BRDA:100,2,0,0
BRDA:100,2,1,0
BRDA:153,3,0,0
BRDA:153,3,1,0
BRDA:163,4,0,0
BRDA:163,4,1,0
BRDA:182,5,0,0
BRDA:182,5,1,0
BRF:12
BRH:0
end_of_record
TN:
SF:src/contacts/contacts.module.ts
FNF:0
FNH:0
DA:1,0
DA:2,0
DA:3,0
DA:10,0
LF:4
LH:0
BRF:0
BRH:0
end_of_record
TN:
SF:src/contacts/contacts.service.ts
FN:13,(anonymous_3)
FN:15,(anonymous_4)
FN:28,(anonymous_5)
FN:177,(anonymous_6)
FN:302,(anonymous_7)
FN:310,(anonymous_8)
FN:313,(anonymous_9)
FNF:7
FNH:0
FNDA:0,(anonymous_3)
FNDA:0,(anonymous_4)
FNDA:0,(anonymous_5)
FNDA:0,(anonymous_6)
FNDA:0,(anonymous_7)
FNDA:0,(anonymous_8)
FNDA:0,(anonymous_9)
DA:1,2
DA:7,2
DA:8,2
DA:12,2
DA:13,0
DA:16,0
DA:20,0
DA:29,0
DA:30,0
DA:49,0
DA:51,0
DA:53,0
DA:55,0
DA:60,0
DA:61,0
DA:75,0
DA:77,0
DA:80,0
DA:81,0
DA:124,0
DA:129,0
DA:131,0
DA:133,0
DA:135,0
DA:136,0
DA:140,0
DA:141,0
DA:145,0
DA:146,0
DA:151,0
DA:161,0
DA:164,0
DA:168,0
DA:180,0
DA:183,0
DA:184,0
DA:186,0
DA:188,0
DA:190,0
DA:191,0
DA:192,0
DA:214,0
DA:236,0
DA:237,0
DA:287,0
DA:289,0
DA:290,0
DA:294,0
DA:297,0
DA:299,0
DA:300,0
DA:303,0
DA:306,0
DA:311,0
DA:314,0
LF:55
LH:4
BRDA:20,0,0,0
BRDA:20,0,1,0
BRDA:51,1,0,0
BRDA:53,2,0,0
BRDA:53,2,1,0
BRDA:55,3,0,0
BRDA:55,3,1,0
BRDA:57,4,0,0
BRDA:57,4,1,0
BRDA:89,5,0,0
BRDA:89,5,1,0
BRDA:92,6,0,0
BRDA:92,6,1,0
BRDA:94,7,0,0
BRDA:94,7,1,0
BRDA:95,8,0,0
BRDA:95,8,1,0
BRDA:96,9,0,0
BRDA:96,9,1,0
BRDA:97,10,0,0
BRDA:97,10,1,0
BRDA:99,11,0,0
BRDA:99,11,1,0
BRDA:99,12,0,0
BRDA:99,12,1,0
BRDA:102,13,0,0
BRDA:102,13,1,0
BRDA:133,14,0,0
BRDA:138,15,0,0
BRDA:138,15,1,0
BRDA:140,16,0,0
BRDA:140,16,1,0
BRDA:145,17,0,0
BRDA:166,18,0,0
BRDA:166,18,1,0
BRDA:183,19,0,0
BRDA:183,19,1,0
BRDA:184,20,0,0
BRDA:184,20,1,0
BRDA:186,21,0,0
BRDA:186,21,1,0
BRDA:188,22,0,0
BRDA:188,22,1,0
BRDA:190,23,0,0
BRDA:198,24,0,0
BRDA:198,24,1,0
BRDA:215,25,0,0
BRDA:215,25,1,0
BRDA:226,26,0,0
BRDA:226,26,1,0
BRDA:244,27,0,0
BRDA:244,27,1,0
BRDA:245,28,0,0
BRDA:245,28,1,0
BRDA:246,29,0,0
BRDA:246,29,1,0
BRDA:247,30,0,0
BRDA:247,30,1,0
BRDA:249,31,0,0
BRDA:249,31,1,0
BRDA:250,32,0,0
BRDA:250,32,1,0
BRDA:251,33,0,0
BRDA:251,33,1,0
BRDA:259,34,0,0
BRDA:259,34,1,0
BRDA:273,35,0,0
BRDA:273,35,1,0
BRDA:274,36,0,0
BRDA:274,36,1,0
BRDA:277,37,0,0
BRDA:277,37,1,0
BRDA:287,38,0,0
BRDA:287,38,1,0
BRDA:289,39,0,0
BRDA:289,40,0,0
BRDA:289,40,1,0
BRDA:299,41,0,0
BRF:78
BRH:0
end_of_record
TN:
SF:src/coverage-hubspot/lcov-report/block-navigation.js
FN:2,init
FN:24,toggleClass
FN:31,makeCurrent
FN:41,goToPrevious
FN:52,goToNext
FN:65,jump
FNF:6
FNH:0
FNDA:0,init
FNDA:0,toggleClass
FNDA:0,makeCurrent
FNDA:0,goToPrevious
FNDA:0,goToNext
FNDA:0,jump
DA:2,0
DA:4,0
DA:7,0
DA:10,0
DA:14,0
DA:20,0
DA:25,0
DA:28,0
DA:32,0
DA:33,0
DA:34,0
DA:42,0
DA:43,0
DA:44,0
DA:45,0
DA:46,0
DA:49,0
DA:53,0
DA:55,0
DA:59,0
DA:62,0
DA:65,0
DA:66,0
DA:71,0
DA:74,0
DA:77,0
DA:78,0
DA:82,0
DA:83,0
DA:87,0
LF:30
LH:0
BRDA:43,0,0,0
BRDA:43,0,1,0
BRDA:43,1,0,0
BRDA:43,1,1,0
BRDA:45,2,0,0
BRDA:45,2,1,0
BRDA:55,3,0,0
BRDA:55,3,1,0
BRDA:56,4,0,0
BRDA:56,4,1,0
BRDA:66,5,0,0
BRDA:66,5,1,0
BRDA:67,6,0,0
BRDA:67,6,1,0
BRDA:74,7,0,0
BRDA:74,7,1,0
BRDA:74,7,2,0
BRDA:74,7,3,0
BRDA:74,7,4,0
BRF:19
BRH:0
end_of_record
TN:
SF:src/coverage-hubspot/lcov-report/prettify.js
FN:2,(anonymous_0)
FN:2,k
FN:2,ab
FN:2,T
FN:2,X
FN:2,(anonymous_5)
FN:2,W
FN:2,(anonymous_7)
FN:2,a
FN:2,aa
FN:2,B
FN:2,o
FN:2,g
FN:2,(anonymous_13)
FN:2,(anonymous_14)
FN:2,i
FN:2,Q
FN:2,ae
FN:2,ad
FN:2,ai
FN:2,D
FN:2,c
FN:2,q
FN:2,d
FN:2,y
FN:2,b
FN:2,Y
FN:2,(anonymous_27)
FN:2,U
FNF:29
FNH:0
FNDA:0,(anonymous_0)
FNDA:0,k
FNDA:0,ab
FNDA:0,T
FNDA:0,X
FNDA:0,(anonymous_5)
FNDA:0,W
FNDA:0,(anonymous_7)
FNDA:0,a
FNDA:0,aa
FNDA:0,B
FNDA:0,o
FNDA:0,g
FNDA:0,(anonymous_13)
FNDA:0,(anonymous_14)
FNDA:0,i
FNDA:0,Q
FNDA:0,ae
FNDA:0,ad
FNDA:0,ai
FNDA:0,D
FNDA:0,c
FNDA:0,q
FNDA:0,d
FNDA:0,y
FNDA:0,b
FNDA:0,Y
FNDA:0,(anonymous_27)
FNDA:0,U
DA:2,0
LF:1
LH:0
BRDA:2,0,0,0
BRDA:2,0,1,0
BRDA:2,1,0,0
BRDA:2,1,1,0
BRDA:2,2,0,0
BRDA:2,2,1,0
BRDA:2,3,0,0
BRDA:2,3,1,0
BRDA:2,4,0,0
BRDA:2,4,1,0
BRDA:2,5,0,0
BRDA:2,5,1,0
BRDA:2,6,0,0
BRDA:2,6,1,0
BRDA:2,7,0,0
BRDA:2,7,1,0
BRDA:2,8,0,0
BRDA:2,8,1,0
BRDA:2,9,0,0
BRDA:2,9,1,0
BRDA:2,10,0,0
BRDA:2,10,1,0
BRDA:2,11,0,0
BRDA:2,11,1,0
BRDA:2,11,2,0
BRDA:2,11,3,0
BRDA:2,12,0,0
BRDA:2,12,1,0
BRDA:2,13,0,0
BRDA:2,13,1,0
BRDA:2,14,0,0
BRDA:2,14,1,0
BRDA:2,15,0,0
BRDA:2,15,1,0
BRDA:2,16,0,0
BRDA:2,16,1,0
BRDA:2,17,0,0
BRDA:2,17,1,0
BRDA:2,18,0,0
BRDA:2,18,1,0
BRDA:2,19,0,0
BRDA:2,19,1,0
BRDA:2,20,0,0
BRDA:2,20,1,0
BRDA:2,21,0,0
BRDA:2,21,1,0
BRDA:2,22,0,0
BRDA:2,22,1,0
BRDA:2,23,0,0
BRDA:2,23,1,0
BRDA:2,24,0,0
BRDA:2,24,1,0
BRDA:2,25,0,0
BRDA:2,25,1,0
BRDA:2,26,0,0
BRDA:2,26,1,0
BRDA:2,27,0,0
BRDA:2,27,1,0
BRDA:2,28,0,0
BRDA:2,28,1,0
BRDA:2,29,0,0
BRDA:2,29,1,0
BRDA:2,30,0,0
BRDA:2,30,1,0
BRDA:2,31,0,0
BRDA:2,31,1,0
BRDA:2,32,0,0
BRDA:2,32,1,0
BRDA:2,33,0,0
BRDA:2,33,1,0
BRDA:2,34,0,0
BRDA:2,34,1,0
BRDA:2,35,0,0
BRDA:2,35,1,0
BRDA:2,36,0,0
BRDA:2,36,1,0
BRDA:2,37,0,0
BRDA:2,37,1,0
BRDA:2,38,0,0
BRDA:2,38,1,0
BRDA:2,39,0,0
BRDA:2,39,1,0
BRDA:2,40,0,0
BRDA:2,40,1,0
BRDA:2,41,0,0
BRDA:2,41,1,0
BRDA:2,42,0,0
BRDA:2,42,1,0
BRDA:2,43,0,0
BRDA:2,43,1,0
BRDA:2,44,0,0
BRDA:2,44,1,0
BRDA:2,45,0,0
BRDA:2,45,1,0
BRDA:2,46,0,0
BRDA:2,46,1,0
BRDA:2,47,0,0
BRDA:2,47,1,0
BRDA:2,48,0,0
BRDA:2,48,1,0
BRDA:2,49,0,0
BRDA:2,49,1,0
BRDA:2,50,0,0
BRDA:2,50,1,0
BRDA:2,50,2,0
BRDA:2,51,0,0
BRDA:2,51,1,0
BRDA:2,52,0,0
BRDA:2,52,1,0
BRDA:2,53,0,0
BRDA:2,53,1,0
BRDA:2,54,0,0
BRDA:2,54,1,0
BRDA:2,55,0,0
BRDA:2,55,1,0
BRDA:2,56,0,0
BRDA:2,56,1,0
BRDA:2,57,0,0
BRDA:2,57,1,0
BRDA:2,58,0,0
BRDA:2,58,1,0
BRDA:2,59,0,0
BRDA:2,59,1,0
BRDA:2,60,0,0
BRDA:2,60,1,0
BRDA:2,61,0,0
BRDA:2,61,1,0
BRDA:2,62,0,0
BRDA:2,62,1,0
BRDA:2,63,0,0
BRDA:2,63,1,0
BRDA:2,64,0,0
BRDA:2,64,1,0
BRDA:2,65,0,0
BRDA:2,65,1,0
BRDA:2,66,0,0
BRDA:2,66,1,0
BRDA:2,67,0,0
BRDA:2,67,1,0
BRDA:2,68,0,0
BRDA:2,68,1,0
BRDA:2,69,0,0
BRDA:2,69,1,0
BRDA:2,70,0,0
BRDA:2,70,1,0
BRDA:2,71,0,0
BRDA:2,71,1,0
BRDA:2,72,0,0
BRDA:2,72,1,0
BRDA:2,73,0,0
BRDA:2,73,1,0
BRDA:2,74,0,0
BRDA:2,74,1,0
BRDA:2,75,0,0
BRDA:2,75,1,0
BRDA:2,76,0,0
BRDA:2,76,1,0
BRDA:2,77,0,0
BRDA:2,77,1,0
BRDA:2,78,0,0
BRDA:2,78,1,0
BRDA:2,79,0,0
BRDA:2,79,1,0
BRDA:2,80,0,0
BRDA:2,80,1,0
BRDA:2,81,0,0
BRDA:2,81,1,0
BRDA:2,82,0,0
BRDA:2,82,1,0
BRDA:2,83,0,0
BRDA:2,83,1,0
BRDA:2,84,0,0
BRDA:2,84,1,0
BRDA:2,85,0,0
BRDA:2,85,1,0
BRDA:2,86,0,0
BRDA:2,86,1,0
BRDA:2,87,0,0
BRDA:2,87,1,0
BRDA:2,88,0,0
BRDA:2,88,1,0
BRDA:2,89,0,0
BRDA:2,89,1,0
BRDA:2,89,2,0
BRDA:2,90,0,0
BRDA:2,90,1,0
BRDA:2,91,0,0
BRDA:2,91,1,0
BRDA:2,92,0,0
BRDA:2,92,1,0
BRDA:2,93,0,0
BRDA:2,93,1,0
BRDA:2,94,0,0
BRDA:2,94,1,0
BRDA:2,95,0,0
BRDA:2,95,1,0
BRDA:2,96,0,0
BRDA:2,96,1,0
BRDA:2,97,0,0
BRDA:2,97,1,0
BRDA:2,98,0,0
BRDA:2,98,1,0
BRDA:2,99,0,0
BRDA:2,99,1,0
BRDA:2,100,0,0
BRDA:2,100,1,0
BRDA:2,101,0,0
BRDA:2,101,1,0
BRDA:2,102,0,0
BRDA:2,102,1,0
BRDA:2,103,0,0
BRDA:2,103,1,0
BRDA:2,104,0,0
BRDA:2,104,1,0
BRDA:2,105,0,0
BRDA:2,105,1,0
BRDA:2,106,0,0
BRDA:2,106,1,0
BRDA:2,107,0,0
BRDA:2,107,1,0
BRDA:2,108,0,0
BRDA:2,108,1,0
BRDA:2,109,0,0
BRDA:2,109,1,0
BRDA:2,110,0,0
BRDA:2,110,1,0
BRDA:2,111,0,0
BRDA:2,111,1,0
BRDA:2,112,0,0
BRDA:2,112,1,0
BRDA:2,113,0,0
BRDA:2,113,1,0
BRDA:2,114,0,0
BRDA:2,114,1,0
BRDA:2,115,0,0
BRDA:2,115,1,0
BRDA:2,116,0,0
BRDA:2,116,1,0
BRDA:2,117,0,0
BRDA:2,117,1,0
BRDA:2,118,0,0
BRDA:2,118,1,0
BRDA:2,119,0,0
BRDA:2,119,1,0
BRDA:2,120,0,0
BRDA:2,120,1,0
BRDA:2,121,0,0
BRDA:2,121,1,0
BRDA:2,122,0,0
BRDA:2,122,1,0
BRDA:2,123,0,0
BRDA:2,123,1,0
BRDA:2,124,0,0
BRDA:2,124,1,0
BRDA:2,125,0,0
BRDA:2,125,1,0
BRDA:2,126,0,0
BRDA:2,126,1,0
BRDA:2,127,0,0
BRDA:2,127,1,0
BRDA:2,128,0,0
BRDA:2,128,1,0
BRDA:2,128,2,0
BRDA:2,129,0,0
BRDA:2,129,1,0
BRDA:2,130,0,0
BRDA:2,130,1,0
BRDA:2,131,0,0
BRDA:2,131,1,0
BRDA:2,131,2,0
BRDA:2,131,3,0
BRDA:2,131,4,0
BRDA:2,132,0,0
BRDA:2,132,1,0
BRDA:2,133,0,0
BRDA:2,133,1,0
BRDA:2,134,0,0
BRDA:2,134,1,0
BRDA:2,135,0,0
BRDA:2,135,1,0
BRDA:2,136,0,0
BRDA:2,136,1,0
BRDA:2,137,0,0
BRDA:2,137,1,0
BRDA:2,138,0,0
BRDA:2,138,1,0
BRF:286
BRH:0
end_of_record
TN:
SF:src/coverage-hubspot/lcov-report/sorter.js
FN:2,(anonymous_0)
FN:11,getTable
FN:15,getTableHeader
FN:19,getTableBody
FN:23,getNthColumn
FN:27,onFilterInput
FN:59,addSearchBox
FN:67,loadColumns
FN:92,loadRowData
FN:111,loadData
FN:120,sortByIndex
FN:122,(anonymous_11)
FN:134,(anonymous_12)
FN:151,removeSortIndicators
FN:159,addSortIndicators
FN:165,enableUI
FN:168,ithSorter
FN:171,(anonymous_17)
FN:198,(anonymous_18)
FNF:19
FNH:0
FNDA:0,(anonymous_0)
FNDA:0,getTable
FNDA:0,getTableHeader
FNDA:0,getTableBody
FNDA:0,getNthColumn
FNDA:0,onFilterInput
FNDA:0,addSearchBox
FNDA:0,loadColumns
FNDA:0,loadRowData
FNDA:0,loadData
FNDA:0,sortByIndex
FNDA:0,(anonymous_11)
FNDA:0,(anonymous_12)
FNDA:0,removeSortIndicators
FNDA:0,addSortIndicators
FNDA:0,enableUI
FNDA:0,ithSorter
FNDA:0,(anonymous_17)
FNDA:0,(anonymous_18)
DA:2,0
DA:5,0
DA:12,0
DA:16,0
DA:20,0
DA:24,0
DA:28,0
DA:29,0
DA:34,0
DA:35,0
DA:37,0
DA:40,0
DA:41,0
DA:42,0
DA:44,0
DA:46,0
DA:49,0
DA:54,0
DA:60,0
DA:61,0
DA:62,0
DA:63,0
DA:68,0
DA:70,0
DA:74,0
DA:75,0
DA:76,0
DA:81,0
DA:82,0
DA:83,0
DA:84,0
DA:88,0
DA:93,0
DA:96,0
DA:99,0
DA:100,0
DA:101,0
DA:102,0
DA:103,0
DA:104,0
DA:106,0
DA:108,0
DA:112,0
DA:115,0
DA:116,0
DA:121,0
DA:122,0
DA:123,0
DA:124,0
DA:125,0
DA:127,0
DA:128,0
DA:129,0
DA:130,0
DA:133,0
DA:134,0
DA:135,0
DA:139,0
DA:140,0
DA:141,0
DA:144,0
DA:146,0
DA:147,0
DA:152,0
DA:153,0
DA:155,0
DA:156,0
DA:160,0
DA:168,0
DA:169,0
DA:171,0
DA:172,0
DA:174,0
DA:175,0
DA:177,0
DA:178,0
DA:179,0
DA:180,0
DA:181,0
DA:184,0
DA:185,0
DA:188,0
DA:189,0
DA:190,0
DA:192,0
DA:198,0
DA:199,0
DA:200,0
DA:202,0
DA:203,0
DA:204,0
DA:205,0
DA:206,0
DA:210,0
LF:94
LH:0
BRDA:44,0,0,0
BRDA:44,0,1,0
BRDA:54,1,0,0
BRDA:54,1,1,0
BRDA:79,2,0,0
BRDA:79,2,1,0
BRDA:82,3,0,0
BRDA:82,3,1,0
BRDA:103,4,0,0
BRDA:103,4,1,0
BRDA:125,5,0,0
BRDA:125,5,1,0
BRDA:125,6,0,0
BRDA:125,6,1,0
BRDA:133,7,0,0
BRDA:133,7,1,0
BRDA:160,8,0,0
BRDA:160,8,1,0
BRDA:174,9,0,0
BRDA:174,9,1,0
BRDA:185,10,0,0
BRDA:185,10,1,0
BRDA:189,11,0,0
BRDA:189,11,1,0
BRDA:199,12,0,0
BRDA:199,12,1,0
BRF:26
BRH:0
end_of_record
TN:
SF:src/cron/cron.controller.ts
FN:10,(anonymous_4)
FN:22,(anonymous_5)
FN:37,(anonymous_6)
FN:51,(anonymous_7)
FN:66,(anonymous_8)
FN:84,(anonymous_9)
FN:101,(anonymous_10)
FN:119,(anonymous_11)
FN:137,(anonymous_12)
FN:152,(anonymous_13)
FN:170,(anonymous_14)
FN:188,(anonymous_15)
FN:206,(anonymous_16)
FN:224,(anonymous_17)
FN:251,(anonymous_18)
FNF:15
FNH:0
FNDA:0,(anonymous_4)
FNDA:0,(anonymous_5)
FNDA:0,(anonymous_6)
FNDA:0,(anonymous_7)
FNDA:0,(anonymous_8)
FNDA:0,(anonymous_9)
FNDA:0,(anonymous_10)
FNDA:0,(anonymous_11)
FNDA:0,(anonymous_12)
FNDA:0,(anonymous_13)
FNDA:0,(anonymous_14)
FNDA:0,(anonymous_15)
FNDA:0,(anonymous_16)
FNDA:0,(anonymous_17)
FNDA:0,(anonymous_18)
DA:1,0
DA:2,0
DA:3,0
DA:4,0
DA:5,0
DA:9,0
DA:10,0
DA:22,0
DA:23,0
DA:24,0
DA:37,0
DA:38,0
DA:39,0
DA:51,0
DA:52,0
DA:53,0
DA:66,0
DA:67,0
DA:68,0
DA:84,0
DA:85,0
DA:86,0
DA:101,0
DA:102,0
DA:103,0
DA:119,0
DA:120,0
DA:121,0
DA:137,0
DA:138,0
DA:139,0
DA:152,0
DA:153,0
DA:154,0
DA:170,0
DA:171,0
DA:172,0
DA:188,0
DA:189,0
DA:190,0
DA:206,0
DA:207,0
DA:208,0
DA:224,0
DA:225,0
DA:226,0
DA:251,0
DA:252,0
DA:255,0
LF:49
LH:0
BRDA:228,0,0,0
BRDA:228,0,1,0
BRF:2
BRH:0
end_of_record
TN:
SF:src/cron/cron.module.ts
FNF:0
FNH:0
DA:1,0
DA:2,0
DA:3,0
DA:4,0
DA:5,0
DA:6,0
DA:7,0
DA:8,0
DA:9,0
DA:10,0
DA:11,0
DA:12,0
DA:29,0
LF:13
LH:0
BRF:0
BRH:0
end_of_record
TN:
SF:src/cron/cron.service.ts
FN:36,(anonymous_3)
FN:48,(anonymous_4)
FN:99,(anonymous_5)
FN:168,(anonymous_6)
FN:263,(anonymous_7)
FN:272,(anonymous_8)
FN:294,(anonymous_9)
FN:314,(anonymous_10)
FN:336,(anonymous_11)
FN:338,(anonymous_12)
FN:361,(anonymous_13)
FN:382,(anonymous_14)
FN:391,(anonymous_15)
FN:438,(anonymous_16)
FN:473,(anonymous_17)
FN:490,(anonymous_18)
FN:496,(anonymous_19)
FN:501,(anonymous_20)
FN:504,(anonymous_21)
FN:544,(anonymous_22)
FN:579,(anonymous_23)
FN:610,(anonymous_24)
FN:636,(anonymous_25)
FN:759,(anonymous_26)
FN:808,(anonymous_27)
FN:873,(anonymous_28)
FN:933,(anonymous_29)
FN:1078,(anonymous_30)
FN:1102,(anonymous_31)
FN:1192,(anonymous_32)
FN:1209,(anonymous_33)
FN:1222,(anonymous_34)
FNF:32
FNH:0
FNDA:0,(anonymous_3)
FNDA:0,(anonymous_4)
FNDA:0,(anonymous_5)
FNDA:0,(anonymous_6)
FNDA:0,(anonymous_7)
FNDA:0,(anonymous_8)
FNDA:0,(anonymous_9)
FNDA:0,(anonymous_10)
FNDA:0,(anonymous_11)
FNDA:0,(anonymous_12)
FNDA:0,(anonymous_13)
FNDA:0,(anonymous_14)
FNDA:0,(anonymous_15)
FNDA:0,(anonymous_16)
FNDA:0,(anonymous_17)
FNDA:0,(anonymous_18)
FNDA:0,(anonymous_19)
FNDA:0,(anonymous_20)
FNDA:0,(anonymous_21)
FNDA:0,(anonymous_22)
FNDA:0,(anonymous_23)
FNDA:0,(anonymous_24)
FNDA:0,(anonymous_25)
FNDA:0,(anonymous_26)
FNDA:0,(anonymous_27)
FNDA:0,(anonymous_28)
FNDA:0,(anonymous_29)
FNDA:0,(anonymous_30)
FNDA:0,(anonymous_31)
FNDA:0,(anonymous_32)
FNDA:0,(anonymous_33)
FNDA:0,(anonymous_34)
DA:1,0
DA:2,0
DA:4,0
DA:5,0
DA:6,0
DA:7,0
DA:8,0
DA:9,0
DA:10,0
DA:11,0
DA:15,0
DA:18,0
DA:19,0
DA:20,0
DA:21,0
DA:22,0
DA:23,0
DA:24,0
DA:28,0
DA:35,0
DA:37,0
DA:38,0
DA:39,0
DA:40,0
DA:41,0
DA:42,0
DA:43,0
DA:44,0
DA:45,0
DA:50,0
DA:51,0
DA:71,0
DA:72,0
DA:73,0
DA:76,0
DA:77,0
DA:78,0
DA:82,0
DA:88,0
DA:94,0
DA:96,0
DA:100,0
DA:101,0
DA:112,0
DA:113,0
DA:114,0
DA:125,0
DA:126,0
DA:135,0
DA:136,0
DA:138,0
DA:140,0
DA:150,0
DA:159,0
DA:165,0
DA:169,0
DA:170,0
DA:179,0
DA:185,0
DA:200,0
DA:218,0
DA:238,0
DA:245,0
DA:252,0
DA:253,0
DA:256,0
DA:258,0
DA:259,0
DA:264,0
DA:267,0
DA:272,0
DA:290,0
DA:293,0
DA:295,0
DA:298,0
DA:307,0
DA:309,0
DA:310,0
DA:315,0
DA:317,0
DA:318,0
DA:319,0
DA:322,0
DA:331,0
DA:332,0
DA:333,0
DA:336,0
DA:337,0
DA:338,0
DA:340,0
DA:342,0
DA:351,0
DA:360,0
DA:361,0
DA:365,0
DA:368,0
DA:377,0
DA:381,0
DA:382,0
DA:383,0
DA:384,0
DA:385,0
DA:387,0
DA:391,0
DA:400,0
DA:406,0
DA:414,0
DA:415,0
DA:417,0
DA:418,0
DA:419,0
DA:424,0
DA:432,0
DA:434,0
DA:439,0
DA:440,0
DA:455,0
DA:456,0
DA:457,0
DA:467,0
DA:469,0
DA:473,0
DA:479,0
DA:483,0
DA:485,0
DA:486,0
DA:491,0
DA:492,0
DA:494,0
DA:495,0
DA:496,0
DA:500,0
DA:501,0
DA:503,0
DA:504,0
DA:507,0
DA:508,0
DA:509,0
DA:512,0
DA:513,0
DA:520,0
DA:525,0
DA:526,0
DA:534,0
DA:537,0
DA:539,0
DA:540,0
DA:549,0
DA:550,0
DA:552,0
DA:565,0
DA:569,0
DA:570,0
DA:572,0
DA:574,0
DA:578,0
DA:579,0
DA:581,0
DA:582,0
DA:587,0
DA:595,0
DA:600,0
DA:602,0
DA:603,0
DA:609,0
DA:610,0
DA:613,0
DA:620,0
DA:624,0
DA:642,0
DA:643,0
DA:644,0
DA:646,0
DA:657,0
DA:658,0
DA:659,0
DA:674,0
DA:676,0
DA:687,0
DA:688,0
DA:691,0
DA:695,0
DA:696,0
DA:697,0
DA:699,0
DA:701,0
DA:704,0
DA:705,0
DA:706,0
DA:710,0
DA:711,0
DA:712,0
DA:713,0
DA:714,0
DA:717,0
DA:718,0
DA:719,0
DA:729,0
DA:730,0
DA:731,0
DA:740,0
DA:741,0
DA:742,0
DA:743,0
DA:746,0
DA:752,0
DA:753,0
DA:754,0
DA:755,0
DA:756,0
DA:759,0
DA:761,0
DA:764,0
DA:767,0
DA:769,0
DA:785,0
DA:786,0
DA:790,0
DA:791,0
DA:792,0
DA:796,0
DA:800,0
DA:813,0
DA:815,0
DA:820,0
DA:824,0
DA:825,0
DA:826,0
DA:828,0
DA:829,0
DA:830,0
DA:840,0
DA:843,0
DA:844,0
DA:845,0
DA:846,0
DA:849,0
DA:857,0
DA:859,0
DA:862,0
DA:866,0
DA:870,0
DA:878,0
DA:880,0
DA:885,0
DA:889,0
DA:890,0
DA:891,0
DA:893,0
DA:894,0
DA:895,0
DA:905,0
DA:907,0
DA:908,0
DA:909,0
DA:912,0
DA:917,0
DA:919,0
DA:922,0
DA:926,0
DA:930,0
DA:938,0
DA:939,0
DA:940,0
DA:941,0
DA:942,0
DA:944,0
DA:965,0
DA:966,0
DA:967,0
DA:968,0
DA:970,0
DA:971,0
DA:972,0
DA:979,0
DA:994,0
DA:996,0
DA:1000,0
DA:1001,0
DA:1005,0
DA:1019,0
DA:1022,0
DA:1035,0
DA:1036,0
DA:1037,0
DA:1041,0
DA:1045,0
DA:1046,0
DA:1047,0
DA:1058,0
DA:1065,0
DA:1086,0
DA:1087,0
DA:1088,0
DA:1090,0
DA:1094,0
DA:1095,0
DA:1097,0
DA:1102,0
DA:1105,0
DA:1109,0
DA:1110,0
DA:1112,0
DA:1113,0
DA:1114,0
DA:1115,0
DA:1117,0
DA:1118,0
DA:1125,0
DA:1126,0
DA:1127,0
DA:1129,0
DA:1139,0
DA:1141,0
DA:1142,0
DA:1143,0
DA:1145,0
DA:1146,0
DA:1147,0
DA:1155,0
DA:1157,0
DA:1162,0
DA:1163,0
DA:1168,0
DA:1171,0
DA:1172,0
DA:1173,0
DA:1177,0
DA:1182,0
DA:1193,0
DA:1205,0
DA:1206,0
DA:1209,0
DA:1210,0
DA:1211,0
DA:1214,0
DA:1222,0
DA:1224,0
DA:1230,0
LF:339
LH:0
BRDA:53,0,0,0
BRDA:53,0,1,0
BRDA:71,1,0,0
BRDA:71,1,1,0
BRDA:125,2,0,0
BRDA:135,3,0,0
BRDA:154,4,0,0
BRDA:154,4,1,0
BRDA:252,5,0,0
BRDA:331,6,0,0
BRDA:395,7,0,0
BRDA:395,7,1,0
BRDA:396,8,0,0
BRDA:396,8,1,0
BRDA:473,9,0,0
BRDA:473,9,1,0
BRDA:507,10,0,0
BRDA:574,11,0,0
BRDA:574,11,1,0
BRDA:575,12,0,0
BRDA:575,12,1,0
BRDA:578,13,0,0
BRDA:578,13,1,0
BRDA:600,14,0,0
BRDA:600,14,1,0
BRDA:674,15,0,0
BRDA:697,16,0,0
BRDA:697,16,1,0
BRDA:704,17,0,0
BRDA:710,18,0,0
BRDA:710,18,1,0
BRDA:711,19,0,0
BRDA:711,19,1,0
BRDA:713,20,0,0
BRDA:713,20,1,0
BRDA:714,21,0,0
BRDA:714,21,1,0
BRDA:717,22,0,0
BRDA:730,23,0,0
BRDA:740,24,0,0
BRDA:740,24,1,0
BRDA:741,25,0,0
BRDA:741,25,1,0
BRDA:742,26,0,0
BRDA:742,26,1,0
BRDA:743,27,0,0
BRDA:743,27,1,0
BRDA:752,28,0,0
BRDA:753,29,0,0
BRDA:753,29,1,0
BRDA:767,30,0,0
BRDA:771,31,0,0
BRDA:771,31,1,0
BRDA:773,32,0,0
BRDA:773,32,1,0
BRDA:774,33,0,0
BRDA:774,33,1,0
BRDA:777,34,0,0
BRDA:777,34,1,0
BRDA:778,35,0,0
BRDA:778,35,1,0
BRDA:779,36,0,0
BRDA:779,36,1,0
BRDA:790,37,0,0
BRDA:790,37,1,0
BRDA:840,38,0,0
BRDA:840,38,1,0
BRDA:843,39,0,0
BRDA:843,39,1,0
BRDA:844,40,0,0
BRDA:860,41,0,0
BRDA:860,41,1,0
BRDA:905,42,0,0
BRDA:905,42,1,0
BRDA:907,43,0,0
BRDA:920,44,0,0
BRDA:920,44,1,0
BRDA:1024,45,0,0
BRDA:1024,45,1,0
BRDA:1025,46,0,0
BRDA:1025,46,1,0
BRDA:1035,47,0,0
BRDA:1035,47,1,0
BRDA:1045,48,0,0
BRDA:1094,49,0,0
BRDA:1094,49,1,0
BRDA:1119,50,0,0
BRDA:1119,50,1,0
BRDA:1171,51,0,0
BRDA:1171,51,1,0
BRDA:1205,52,0,0
BRDA:1211,53,0,0
BRDA:1211,53,1,0
BRDA:1212,54,0,0
BRDA:1212,54,1,0
BRDA:1216,55,0,0
BRDA:1216,55,1,0
BRF:97
BRH:0
end_of_record
TN:
SF:src/cron/dto/re-run-pipeline.dto.ts
FNF:0
FNH:0
DA:1,0
DA:2,0
DA:3,0
DA:5,0
DA:31,0
LF:5
LH:0
BRF:0
BRH:0
end_of_record
TN:
SF:src/cron/dto/sync-organizations.dto.ts
FNF:0
FNH:0
DA:1,0
DA:2,0
DA:4,0
DA:12,0
LF:4
LH:0
BRF:0
BRH:0
end_of_record
TN:
SF:src/dashboard/dashboard.controller.ts
FN:20,(anonymous_4)
FN:41,(anonymous_5)
FN:79,(anonymous_6)
FNF:3
FNH:0
FNDA:0,(anonymous_4)
FNDA:0,(anonymous_5)
FNDA:0,(anonymous_6)
DA:1,0
DA:2,0
DA:3,0
DA:4,0
DA:5,0
DA:6,0
DA:14,0
DA:19,0
DA:20,0
DA:41,0
DA:46,0
DA:47,0
DA:49,0
DA:55,0
DA:79,0
DA:80,0
DA:81,0
LF:17
LH:0
BRDA:46,0,0,0
BRDA:46,0,1,0
BRDA:47,1,0,0
BRDA:47,1,1,0
BRF:4
BRH:0
end_of_record
TN:
SF:src/dashboard/dashboard.module.ts
FNF:0
FNH:0
DA:1,0
DA:2,0
DA:3,0
DA:4,0
DA:5,0
DA:6,0
DA:7,0
DA:8,0
DA:9,0
DA:21,0
LF:10
LH:0
BRF:0
BRH:0
end_of_record
TN:
SF:src/dashboard/dashboard.service.ts
FN:10,(anonymous_2)
FN:17,(anonymous_3)
FN:36,(anonymous_4)
FNF:3
FNH:0
FNDA:0,(anonymous_2)
FNDA:0,(anonymous_3)
FNDA:0,(anonymous_4)
DA:1,0
DA:3,0
DA:4,0
DA:5,0
DA:6,0
DA:9,0
DA:11,0
DA:12,0
DA:13,0
DA:14,0
DA:22,0
DA:25,0
DA:28,0
DA:30,0
DA:32,0
DA:37,0
DA:39,0
DA:43,0
DA:44,0
DA:46,0
LF:20
LH:0
BRDA:19,0,0,0
BRDA:20,1,0,0
BRDA:22,2,0,0
BRDA:22,2,1,0
BRDA:22,2,2,0
BRDA:22,2,3,0
BRDA:22,2,4,0
BRDA:22,2,5,0
BRDA:37,3,0,0
BRDA:43,4,0,0
BRF:10
BRH:0
end_of_record
TN:
SF:src/dashboard/handlers/affiliate.ts
FN:6,(anonymous_2)
FN:8,(anonymous_3)
FNF:2
FNH:0
FNDA:0,(anonymous_2)
FNDA:0,(anonymous_3)
DA:1,0
DA:2,0
DA:5,0
DA:6,0
DA:16,0
DA:87,0
LF:6
LH:0
BRDA:88,0,0,0
BRDA:88,0,1,0
BRDA:89,1,0,0
BRDA:89,1,1,0
BRF:4
BRH:0
end_of_record
TN:
SF:src/dashboard/handlers/client.ts
FN:11,(anonymous_2)
FN:16,(anonymous_3)
FNF:2
FNH:0
FNDA:0,(anonymous_2)
FNDA:0,(anonymous_3)
DA:4,0
DA:5,0
DA:6,0
DA:7,0
DA:10,0
DA:12,0
DA:13,0
DA:21,0
DA:22,0
DA:26,0
DA:29,0
DA:34,0
DA:36,0
DA:41,0
DA:43,0
DA:48,0
DA:50,0
DA:59,0
DA:62,0
DA:68,0
DA:70,0
LF:21
LH:0
BRDA:18,0,0,0
BRDA:19,1,0,0
BRDA:22,2,0,0
BRDA:23,3,0,0
BRDA:23,3,1,0
BRDA:23,3,2,0
BRDA:56,4,0,0
BRDA:56,4,1,0
BRF:8
BRH:0
end_of_record
TN:
SF:src/dashboard/handlers/organization.ts
FN:18,(anonymous_2)
FN:24,(anonymous_3)
FN:179,(anonymous_4)
FN:300,(anonymous_5)
FN:303,(anonymous_6)
FN:312,(anonymous_7)
FN:388,(anonymous_8)
FN:397,(anonymous_9)
FNF:8
FNH:0
FNDA:0,(anonymous_2)
FNDA:0,(anonymous_3)
FNDA:0,(anonymous_4)
FNDA:0,(anonymous_5)
FNDA:0,(anonymous_6)
FNDA:0,(anonymous_7)
FNDA:0,(anonymous_8)
FNDA:0,(anonymous_9)
DA:4,0
DA:5,0
DA:6,0
DA:10,0
DA:11,0
DA:12,0
DA:13,0
DA:14,0
DA:17,0
DA:19,0
DA:20,0
DA:21,0
DA:25,0
DA:27,0
DA:36,0
DA:85,0
DA:86,0
DA:88,0
DA:179,0
DA:189,0
DA:192,0
DA:198,0
DA:200,0
DA:284,0
DA:289,0
DA:290,0
DA:291,0
DA:292,0
DA:294,0
DA:298,0
DA:299,0
DA:300,0
DA:304,0
DA:305,0
DA:307,0
DA:308,0
DA:310,0
DA:313,0
DA:314,0
DA:335,0
DA:337,0
DA:356,0
DA:357,0
DA:359,0
DA:388,0
DA:393,0
DA:395,0
DA:396,0
DA:397,0
DA:398,0
DA:399,0
DA:414,0
DA:416,0
LF:53
LH:0
BRDA:24,0,0,0
BRDA:24,1,0,0
BRDA:85,2,0,0
BRDA:85,3,0,0
BRDA:85,3,1,0
BRDA:85,3,2,0
BRDA:183,4,0,0
BRDA:183,4,1,0
BRDA:291,5,0,0
BRDA:305,6,0,0
BRDA:307,7,0,0
BRDA:307,7,1,0
BRDA:308,8,0,0
BRDA:319,9,0,0
BRDA:319,9,1,0
BRDA:323,10,0,0
BRDA:323,10,1,0
BRDA:327,11,0,0
BRDA:327,11,1,0
BRDA:341,12,0,0
BRDA:341,12,1,0
BRDA:402,13,0,0
BRDA:402,13,1,0
BRDA:406,14,0,0
BRDA:406,14,1,0
BRDA:409,15,0,0
BRDA:409,15,1,0
BRF:27
BRH:0
end_of_record
TN:
SF:src/email-test/email-test.controller.ts
FN:8,(anonymous_4)
FN:37,(anonymous_5)
FN:70,(anonymous_6)
FN:101,(anonymous_7)
FN:132,(anonymous_8)
FN:163,(anonymous_9)
FNF:6
FNH:0
FNDA:0,(anonymous_4)
FNDA:0,(anonymous_5)
FNDA:0,(anonymous_6)
FNDA:0,(anonymous_7)
FNDA:0,(anonymous_8)
FNDA:0,(anonymous_9)
DA:1,0
DA:2,0
DA:3,0
DA:7,0
DA:8,0
DA:37,0
DA:42,0
DA:70,0
DA:74,0
DA:101,0
DA:105,0
DA:132,0
DA:136,0
DA:163,0
DA:167,0
LF:15
LH:0
BRDA:43,0,0,0
BRDA:43,0,1,0
BRDA:45,1,0,0
BRDA:45,1,1,0
BRDA:75,2,0,0
BRDA:75,2,1,0
BRDA:76,3,0,0
BRDA:76,3,1,0
BRDA:106,4,0,0
BRDA:106,4,1,0
BRDA:107,5,0,0
BRDA:107,5,1,0
BRDA:137,6,0,0
BRDA:137,6,1,0
BRDA:138,7,0,0
BRDA:138,7,1,0
BRDA:168,8,0,0
BRDA:168,8,1,0
BRDA:169,9,0,0
BRDA:169,9,1,0
BRF:20
BRH:0
end_of_record
TN:
SF:src/email-test/email-test.module.ts
FNF:0
FNH:0
DA:1,0
DA:2,0
DA:3,0
DA:4,0
DA:5,0
DA:12,0
LF:6
LH:0
BRF:0
BRH:0
end_of_record
TN:
SF:src/email-test/email-test.service.ts
FN:12,(anonymous_3)
FN:17,(anonymous_4)
FN:18,(anonymous_5)
FN:21,(anonymous_6)
FN:45,(anonymous_7)
FN:86,(anonymous_8)
FN:115,(anonymous_9)
FN:144,(anonymous_10)
FN:190,(anonymous_11)
FN:215,(anonymous_12)
FNF:10
FNH:0
FNDA:0,(anonymous_3)
FNDA:0,(anonymous_4)
FNDA:0,(anonymous_5)
FNDA:0,(anonymous_6)
FNDA:0,(anonymous_7)
FNDA:0,(anonymous_8)
FNDA:0,(anonymous_9)
FNDA:0,(anonymous_10)
FNDA:0,(anonymous_11)
FNDA:0,(anonymous_12)
DA:1,0
DA:2,0
DA:3,0
DA:4,0
DA:5,0
DA:6,0
DA:11,0
DA:13,0
DA:14,0
DA:18,0
DA:22,0
DA:25,0
DA:35,0
DA:50,0
DA:51,0
DA:52,0
DA:54,0
DA:61,0
DA:62,0
DA:69,0
DA:78,0
DA:87,0
DA:88,0
DA:90,0
DA:92,0
DA:93,0
DA:100,0
DA:107,0
DA:116,0
DA:117,0
DA:119,0
DA:121,0
DA:122,0
DA:129,0
DA:136,0
DA:145,0
DA:147,0
DA:163,0
DA:164,0
DA:169,0
DA:176,0
DA:182,0
DA:192,0
DA:197,0
DA:199,0
DA:200,0
DA:202,0
DA:203,0
DA:205,0
DA:207,0
DA:214,0
DA:215,0
DA:218,0
LF:53
LH:0
BRDA:22,0,0,0
BRDA:22,0,1,0
BRDA:22,0,2,0
BRDA:22,0,3,0
BRDA:22,0,4,0
BRDA:52,1,0,0
BRDA:52,1,1,0
BRDA:52,2,0,0
BRDA:52,2,1,0
BRDA:63,3,0,0
BRDA:63,3,1,0
BRDA:65,4,0,0
BRDA:65,4,1,0
BRDA:88,5,0,0
BRDA:88,5,1,0
BRDA:94,6,0,0
BRDA:94,6,1,0
BRDA:96,7,0,0
BRDA:96,7,1,0
BRDA:117,8,0,0
BRDA:117,8,1,0
BRDA:123,9,0,0
BRDA:123,9,1,0
BRDA:125,10,0,0
BRDA:125,10,1,0
BRDA:156,11,0,0
BRDA:156,11,1,0
BRDA:157,12,0,0
BRDA:157,12,1,0
BRDA:170,13,0,0
BRDA:170,13,1,0
BRDA:172,14,0,0
BRDA:172,14,1,0
BRDA:220,15,0,0
BRDA:220,15,1,0
BRF:35
BRH:0
end_of_record
TN:
SF:src/googledrive/googledrive.controller.ts
FN:18,(anonymous_4)
FN:33,(anonymous_5)
FN:56,(anonymous_6)
FNF:3
FNH:0
FNDA:0,(anonymous_4)
FNDA:0,(anonymous_5)
FNDA:0,(anonymous_6)
DA:1,0
DA:9,0
DA:10,0
DA:17,0
DA:18,0
DA:33,0
DA:34,0
DA:35,0
DA:56,0
DA:57,0
DA:59,0
LF:11
LH:0
BRF:0
BRH:0
end_of_record
TN:
SF:src/googledrive/googledrive.module.ts
FNF:0
FNH:0
DA:1,0
DA:2,0
DA:3,0
DA:4,0
DA:5,0
DA:13,0
LF:6
LH:0
BRF:0
BRH:0
end_of_record
TN:
SF:src/googledrive/googledrive.service copy.ts
FN:17,(anonymous_12)
FN:29,(anonymous_13)
FN:36,(anonymous_14)
FN:47,(anonymous_15)
FN:79,(anonymous_16)
FN:92,(anonymous_17)
FN:125,(anonymous_18)
FN:154,(anonymous_19)
FN:193,(anonymous_20)
FN:211,(anonymous_21)
FN:255,(anonymous_22)
FNF:11
FNH:0
FNDA:0,(anonymous_12)
FNDA:0,(anonymous_13)
FNDA:0,(anonymous_14)
FNDA:0,(anonymous_15)
FNDA:0,(anonymous_16)
FNDA:0,(anonymous_17)
FNDA:0,(anonymous_18)
FNDA:0,(anonymous_19)
FNDA:0,(anonymous_20)
FNDA:0,(anonymous_21)
FNDA:0,(anonymous_22)
DA:1,0
DA:2,0
DA:3,0
DA:4,0
DA:5,0
DA:6,0
DA:8,0
DA:10,0
DA:13,0
DA:17,0
DA:18,0
DA:24,0
DA:25,0
DA:26,0
DA:30,0
DA:37,0
DA:39,0
DA:44,0
DA:48,0
DA:49,0
DA:52,0
DA:54,0
DA:56,0
DA:57,0
DA:59,0
DA:71,0
DA:72,0
DA:74,0
DA:80,0
DA:84,0
DA:86,0
DA:93,0
DA:96,0
DA:97,0
DA:102,0
DA:103,0
DA:104,0
DA:107,0
DA:108,0
DA:109,0
DA:111,0
DA:121,0
DA:126,0
DA:127,0
DA:128,0
DA:134,0
DA:135,0
DA:146,0
DA:148,0
DA:160,0
DA:161,0
DA:162,0
DA:165,0
DA:166,0
DA:171,0
DA:172,0
DA:174,0
DA:176,0
DA:183,0
DA:184,0
DA:185,0
DA:187,0
DA:190,0
DA:193,0
DA:196,0
DA:197,0
DA:200,0
DA:201,0
DA:203,0
DA:204,0
DA:206,0
DA:207,0
DA:217,0
DA:218,0
DA:219,0
DA:222,0
DA:223,0
DA:228,0
DA:229,0
DA:230,0
DA:233,0
DA:235,0
DA:242,0
DA:243,0
DA:244,0
DA:246,0
DA:249,0
DA:255,0
DA:259,0
DA:260,0
DA:261,0
DA:264,0
DA:265,0
DA:267,0
DA:268,0
DA:270,0
DA:271,0
LF:97
LH:0
BRDA:30,0,0,0
BRDA:30,0,1,0
BRDA:48,1,0,0
BRDA:56,2,0,0
BRDA:61,3,0,0
BRDA:61,3,1,0
BRDA:62,4,0,0
BRDA:62,4,1,0
BRDA:65,5,0,0
BRDA:65,5,1,0
BRDA:71,6,0,0
BRDA:96,7,0,0
BRDA:96,8,0,0
BRDA:96,8,1,0
BRDA:96,8,2,0
BRDA:103,9,0,0
BRDA:103,10,0,0
BRDA:103,10,1,0
BRDA:107,11,0,0
BRDA:107,11,1,0
BRDA:108,12,0,0
BRDA:108,13,0,0
BRDA:108,13,1,0
BRDA:115,14,0,0
BRDA:115,14,1,0
BRDA:127,15,0,0
BRDA:171,16,0,0
BRDA:183,17,0,0
BRDA:183,17,1,0
BRDA:196,18,0,0
BRDA:228,19,0,0
BRDA:242,20,0,0
BRDA:242,20,1,0
BRDA:259,21,0,0
BRF:34
BRH:0
end_of_record
TN:
SF:src/googledrive/googledrive.service.ts
FN:14,(anonymous_12)
FN:25,(anonymous_13)
FN:34,(anonymous_14)
FN:59,(anonymous_15)
FN:68,(anonymous_16)
FN:121,(anonymous_17)
FN:142,(anonymous_18)
FN:170,(anonymous_19)
FN:173,(anonymous_20)
FN:174,(anonymous_21)
FN:189,(anonymous_22)
FN:191,(anonymous_23)
FN:195,(anonymous_24)
FN:212,(anonymous_25)
FN:240,(anonymous_26)
FN:244,(anonymous_27)
FN:247,(anonymous_28)
FN:251,(anonymous_29)
FN:268,(anonymous_30)
FN:270,(anonymous_31)
FN:274,(anonymous_32)
FNF:21
FNH:0
FNDA:0,(anonymous_12)
FNDA:0,(anonymous_13)
FNDA:0,(anonymous_14)
FNDA:0,(anonymous_15)
FNDA:0,(anonymous_16)
FNDA:0,(anonymous_17)
FNDA:0,(anonymous_18)
FNDA:0,(anonymous_19)
FNDA:0,(anonymous_20)
FNDA:0,(anonymous_21)
FNDA:0,(anonymous_22)
FNDA:0,(anonymous_23)
FNDA:0,(anonymous_24)
FNDA:0,(anonymous_25)
FNDA:0,(anonymous_26)
FNDA:0,(anonymous_27)
FNDA:0,(anonymous_28)
FNDA:0,(anonymous_29)
FNDA:0,(anonymous_30)
FNDA:0,(anonymous_31)
FNDA:0,(anonymous_32)
DA:1,2
DA:2,2
DA:3,2
DA:4,2
DA:5,2
DA:6,2
DA:7,2
DA:8,2
DA:11,2
DA:15,0
DA:16,0
DA:18,0
DA:26,0
DA:27,0
DA:35,0
DA:36,0
DA:37,0
DA:39,0
DA:40,0
DA:42,0
DA:54,0
DA:55,0
DA:56,0
DA:60,0
DA:61,0
DA:62,0
DA:69,0
DA:70,0
DA:73,0
DA:74,0
DA:78,0
DA:79,0
DA:81,0
DA:82,0
DA:83,0
DA:85,0
DA:95,0
DA:98,0
DA:99,0
DA:106,0
DA:107,0
DA:110,0
DA:115,0
DA:122,0
DA:123,0
DA:125,0
DA:127,0
DA:128,0
DA:134,0
DA:136,0
DA:143,0
DA:144,0
DA:146,0
DA:148,0
DA:149,0
DA:155,0
DA:156,0
DA:163,0
DA:164,0
DA:165,0
DA:167,0
DA:171,0
DA:172,0
DA:173,0
DA:174,0
DA:179,0
DA:180,0
DA:189,0
DA:190,0
DA:192,0
DA:193,0
DA:195,0
DA:201,0
DA:203,0
DA:207,0
DA:213,0
DA:214,0
DA:216,0
DA:218,0
DA:219,0
DA:225,0
DA:227,0
DA:229,0
DA:236,0
DA:237,0
DA:240,0
DA:241,0
DA:245,0
DA:246,0
DA:248,0
DA:249,0
DA:251,0
DA:259,0
DA:268,0
DA:269,0
DA:271,0
DA:272,0
DA:274,0
DA:279,0
DA:281,0
DA:285,0
LF:101
LH:9
BRDA:35,0,0,0
BRDA:39,1,0,0
BRDA:44,2,0,0
BRDA:44,2,1,0
BRDA:45,3,0,0
BRDA:45,3,1,0
BRDA:48,4,0,0
BRDA:48,4,1,0
BRDA:54,5,0,0
BRDA:73,6,0,0
BRDA:73,7,0,0
BRDA:73,7,1,0
BRDA:73,7,2,0
BRDA:79,8,0,0
BRDA:81,9,0,0
BRDA:81,9,1,0
BRDA:82,10,0,0
BRDA:82,11,0,0
BRDA:82,11,1,0
BRDA:89,12,0,0
BRDA:89,12,1,0
BRDA:106,13,0,0
BRDA:163,14,0,0
BRDA:163,14,1,0
BRDA:171,15,0,0
BRDA:236,16,0,0
BRDA:236,16,1,0
BRDA:245,17,0,0
BRF:28
BRH:0
end_of_record
TN:
SF:src/hire-request/hire-request.controller.ts
FN:45,(anonymous_4)
FN:57,(anonymous_5)
FN:107,(anonymous_6)
FN:144,(anonymous_7)
FN:175,(anonymous_8)
FN:208,(anonymous_9)
FN:239,(anonymous_10)
FN:285,(anonymous_11)
FN:326,(anonymous_12)
FN:358,(anonymous_13)
FN:397,(anonymous_14)
FN:438,(anonymous_15)
FN:473,(anonymous_16)
FN:500,(anonymous_17)
FN:524,(anonymous_18)
FN:549,(anonymous_19)
FN:591,(anonymous_20)
FN:627,(anonymous_21)
FN:675,(anonymous_22)
FN:720,(anonymous_23)
FN:788,(anonymous_24)
FN:820,(anonymous_25)
FN:835,(anonymous_26)
FN:853,(anonymous_27)
FN:872,(anonymous_28)
FN:891,(anonymous_29)
FN:910,(anonymous_30)
FNF:27
FNH:0
FNDA:0,(anonymous_4)
FNDA:0,(anonymous_5)
FNDA:0,(anonymous_6)
FNDA:0,(anonymous_7)
FNDA:0,(anonymous_8)
FNDA:0,(anonymous_9)
FNDA:0,(anonymous_10)
FNDA:0,(anonymous_11)
FNDA:0,(anonymous_12)
FNDA:0,(anonymous_13)
FNDA:0,(anonymous_14)
FNDA:0,(anonymous_15)
FNDA:0,(anonymous_16)
FNDA:0,(anonymous_17)
FNDA:0,(anonymous_18)
FNDA:0,(anonymous_19)
FNDA:0,(anonymous_20)
FNDA:0,(anonymous_21)
FNDA:0,(anonymous_22)
FNDA:0,(anonymous_23)
FNDA:0,(anonymous_24)
FNDA:0,(anonymous_25)
FNDA:0,(anonymous_26)
FNDA:0,(anonymous_27)
FNDA:0,(anonymous_28)
FNDA:0,(anonymous_29)
FNDA:0,(anonymous_30)
DA:1,0
DA:12,0
DA:23,0
DA:24,0
DA:25,0
DA:26,0
DA:28,0
DA:29,0
DA:30,0
DA:31,0
DA:33,0
DA:34,0
DA:35,0
DA:36,0
DA:37,0
DA:38,0
DA:39,0
DA:44,0
DA:45,0
DA:57,0
DA:61,0
DA:65,0
DA:107,0
DA:115,0
DA:116,0
DA:117,0
DA:125,0
DA:144,0
DA:145,0
DA:146,0
DA:175,0
DA:180,0
DA:184,0
DA:208,0
DA:209,0
DA:210,0
DA:239,0
DA:244,0
DA:249,0
DA:285,0
DA:290,0
DA:291,0
DA:326,0
DA:332,0
DA:333,0
DA:358,0
DA:362,0
DA:363,0
DA:397,0
DA:401,0
DA:402,0
DA:438,0
DA:442,0
DA:443,0
DA:473,0
DA:474,0
DA:475,0
DA:500,0
DA:501,0
DA:502,0
DA:524,0
DA:525,0
DA:526,0
DA:549,0
DA:550,0
DA:551,0
DA:591,0
DA:596,0
DA:601,0
DA:627,0
DA:632,0
DA:633,0
DA:675,0
DA:680,0
DA:685,0
DA:720,0
DA:725,0
DA:726,0
DA:788,0
DA:793,0
DA:794,0
DA:820,0
DA:821,0
DA:822,0
DA:835,0
DA:836,0
DA:837,0
DA:853,0
DA:854,0
DA:855,0
DA:872,0
DA:873,0
DA:874,0
DA:891,0
DA:892,0
DA:893,0
DA:910,0
DA:912,0
DA:913,0
LF:99
LH:0
BRDA:115,0,0,0
BRDA:115,0,1,0
BRDA:116,1,0,0
BRDA:116,1,1,0
BRF:4
BRH:0
end_of_record
TN:
SF:src/hire-request/hire-request.module.ts
FN:16,(anonymous_1)
FNF:1
FNH:0
FNDA:0,(anonymous_1)
DA:1,0
DA:2,0
DA:3,0
DA:4,0
DA:5,0
DA:6,0
DA:7,0
DA:8,0
DA:16,0
DA:22,0
LF:10
LH:0
BRF:0
BRH:0
end_of_record
TN:
SF:src/hire-request/hire-request.service.ts
FN:48,(anonymous_5)
FN:56,(anonymous_6)
FN:70,(anonymous_7)
FN:155,(anonymous_8)
FN:180,(anonymous_9)
FN:195,(anonymous_10)
FN:205,(anonymous_11)
FN:207,(anonymous_12)
FN:209,(anonymous_13)
FN:219,(anonymous_14)
FN:227,(anonymous_15)
FN:230,(anonymous_16)
FN:236,(anonymous_17)
FN:254,(anonymous_18)
FN:300,(anonymous_19)
FN:315,(anonymous_20)
FN:414,(anonymous_21)
FN:442,(anonymous_22)
FN:526,(anonymous_23)
FN:811,(anonymous_24)
FN:818,(anonymous_25)
FN:824,(anonymous_26)
FN:834,(anonymous_27)
FN:849,(anonymous_28)
FN:868,(anonymous_29)
FN:893,(anonymous_30)
FN:1057,(anonymous_31)
FN:1081,(anonymous_32)
FN:1086,(anonymous_33)
FN:1106,(anonymous_34)
FN:1123,(anonymous_35)
FN:1313,(anonymous_36)
FN:1320,(anonymous_37)
FN:1325,(anonymous_38)
FN:1340,(anonymous_39)
FN:1358,(anonymous_40)
FN:1376,(anonymous_41)
FN:1391,(anonymous_42)
FN:1547,(anonymous_43)
FN:1589,(anonymous_44)
FN:1661,(anonymous_45)
FN:1671,(anonymous_46)
FN:1754,(anonymous_47)
FN:1818,(anonymous_48)
FN:1836,(anonymous_49)
FN:1864,(anonymous_50)
FN:1917,(anonymous_51)
FN:1956,(anonymous_52)
FN:1996,(anonymous_53)
FN:2075,(anonymous_54)
FN:2102,(anonymous_55)
FN:2130,(anonymous_56)
FN:2202,(anonymous_57)
FN:2221,(anonymous_58)
FN:2272,(anonymous_59)
FN:2395,(anonymous_60)
FN:2447,(anonymous_61)
FN:2470,(anonymous_62)
FN:2549,(anonymous_63)
FN:2575,(anonymous_64)
FN:2702,(anonymous_65)
FN:2706,(anonymous_66)
FN:2743,(anonymous_67)
FN:2744,(anonymous_68)
FN:2757,(anonymous_69)
FN:2763,(anonymous_70)
FN:2774,(anonymous_71)
FN:2785,(anonymous_72)
FN:2825,(anonymous_73)
FN:2845,(anonymous_74)
FN:2891,(anonymous_75)
FN:2902,(anonymous_76)
FN:2909,(anonymous_77)
FN:2919,(anonymous_78)
FN:2971,(anonymous_79)
FN:2972,(anonymous_80)
FN:2976,(anonymous_81)
FN:2977,(anonymous_82)
FN:2991,(anonymous_83)
FN:3006,(anonymous_84)
FN:3064,(anonymous_85)
FN:3124,(anonymous_86)
FN:3142,(anonymous_87)
FN:3194,(anonymous_88)
FN:3267,(anonymous_89)
FN:3344,(anonymous_90)
FN:3350,(anonymous_91)
FN:3365,(anonymous_92)
FN:3387,(anonymous_93)
FN:3507,(anonymous_94)
FN:3511,(anonymous_95)
FN:3514,(anonymous_96)
FN:3519,(anonymous_97)
FN:3548,(anonymous_98)
FN:3668,(anonymous_99)
FN:3695,(anonymous_100)
FN:3794,(anonymous_101)
FN:3867,(anonymous_102)
FN:3882,(anonymous_103)
FN:3909,(anonymous_104)
FN:3939,(anonymous_105)
FN:3990,(anonymous_106)
FN:4000,(anonymous_107)
FN:4007,(anonymous_108)
FN:4017,(anonymous_109)
FN:4168,(anonymous_110)
FN:4173,(anonymous_111)
FN:4195,(anonymous_112)
FN:4240,(anonymous_113)
FN:4285,(anonymous_114)
FN:4287,(anonymous_115)
FN:4310,(anonymous_116)
FN:4320,(anonymous_117)
FN:4334,(anonymous_118)
FN:4335,(anonymous_119)
FN:4338,(anonymous_120)
FN:4365,(anonymous_121)
FN:4366,(anonymous_122)
FN:4378,(anonymous_123)
FN:4382,(anonymous_124)
FN:4460,(anonymous_125)
FN:4466,(anonymous_126)
FN:4471,(anonymous_127)
FN:4478,(anonymous_128)
FN:4507,(anonymous_129)
FN:4510,(anonymous_130)
FN:4524,(anonymous_131)
FN:4550,(anonymous_132)
FN:4562,(anonymous_133)
FN:4573,(anonymous_134)
FN:4579,(anonymous_135)
FN:4597,(anonymous_136)
FN:4608,(anonymous_137)
FN:4625,(anonymous_138)
FN:4636,(anonymous_139)
FN:4653,(anonymous_140)
FN:4664,(anonymous_141)
FN:4681,(anonymous_142)
FN:4692,(anonymous_143)
FN:50,(anonymous_144)
FNF:140
FNH:0
FNDA:0,(anonymous_5)
FNDA:0,(anonymous_6)
FNDA:0,(anonymous_7)
FNDA:0,(anonymous_8)
FNDA:0,(anonymous_9)
FNDA:0,(anonymous_10)
FNDA:0,(anonymous_11)
FNDA:0,(anonymous_12)
FNDA:0,(anonymous_13)
FNDA:0,(anonymous_14)
FNDA:0,(anonymous_15)
FNDA:0,(anonymous_16)
FNDA:0,(anonymous_17)
FNDA:0,(anonymous_18)
FNDA:0,(anonymous_19)
FNDA:0,(anonymous_20)
FNDA:0,(anonymous_21)
FNDA:0,(anonymous_22)
FNDA:0,(anonymous_23)
FNDA:0,(anonymous_24)
FNDA:0,(anonymous_25)
FNDA:0,(anonymous_26)
FNDA:0,(anonymous_27)
FNDA:0,(anonymous_28)
FNDA:0,(anonymous_29)
FNDA:0,(anonymous_30)
FNDA:0,(anonymous_31)
FNDA:0,(anonymous_32)
FNDA:0,(anonymous_33)
FNDA:0,(anonymous_34)
FNDA:0,(anonymous_35)
FNDA:0,(anonymous_36)
FNDA:0,(anonymous_37)
FNDA:0,(anonymous_38)
FNDA:0,(anonymous_39)
FNDA:0,(anonymous_40)
FNDA:0,(anonymous_41)
FNDA:0,(anonymous_42)
FNDA:0,(anonymous_43)
FNDA:0,(anonymous_44)
FNDA:0,(anonymous_45)
FNDA:0,(anonymous_46)
FNDA:0,(anonymous_47)
FNDA:0,(anonymous_48)
FNDA:0,(anonymous_49)
FNDA:0,(anonymous_50)
FNDA:0,(anonymous_51)
FNDA:0,(anonymous_52)
FNDA:0,(anonymous_53)
FNDA:0,(anonymous_54)
FNDA:0,(anonymous_55)
FNDA:0,(anonymous_56)
FNDA:0,(anonymous_57)
FNDA:0,(anonymous_58)
FNDA:0,(anonymous_59)
FNDA:0,(anonymous_60)
FNDA:0,(anonymous_61)
FNDA:0,(anonymous_62)
FNDA:0,(anonymous_63)
FNDA:0,(anonymous_64)
FNDA:0,(anonymous_65)
FNDA:0,(anonymous_66)
FNDA:0,(anonymous_67)
FNDA:0,(anonymous_68)
FNDA:0,(anonymous_69)
FNDA:0,(anonymous_70)
FNDA:0,(anonymous_71)
FNDA:0,(anonymous_72)
FNDA:0,(anonymous_73)
FNDA:0,(anonymous_74)
FNDA:0,(anonymous_75)
FNDA:0,(anonymous_76)
FNDA:0,(anonymous_77)
FNDA:0,(anonymous_78)
FNDA:0,(anonymous_79)
FNDA:0,(anonymous_80)
FNDA:0,(anonymous_81)
FNDA:0,(anonymous_82)
FNDA:0,(anonymous_83)
FNDA:0,(anonymous_84)
FNDA:0,(anonymous_85)
FNDA:0,(anonymous_86)
FNDA:0,(anonymous_87)
FNDA:0,(anonymous_88)
FNDA:0,(anonymous_89)
FNDA:0,(anonymous_90)
FNDA:0,(anonymous_91)
FNDA:0,(anonymous_92)
FNDA:0,(anonymous_93)
FNDA:0,(anonymous_94)
FNDA:0,(anonymous_95)
FNDA:0,(anonymous_96)
FNDA:0,(anonymous_97)
FNDA:0,(anonymous_98)
FNDA:0,(anonymous_99)
FNDA:0,(anonymous_100)
FNDA:0,(anonymous_101)
FNDA:0,(anonymous_102)
FNDA:0,(anonymous_103)
FNDA:0,(anonymous_104)
FNDA:0,(anonymous_105)
FNDA:0,(anonymous_106)
FNDA:0,(anonymous_107)
FNDA:0,(anonymous_108)
FNDA:0,(anonymous_109)
FNDA:0,(anonymous_110)
FNDA:0,(anonymous_111)
FNDA:0,(anonymous_112)
FNDA:0,(anonymous_113)
FNDA:0,(anonymous_114)
FNDA:0,(anonymous_115)
FNDA:0,(anonymous_116)
FNDA:0,(anonymous_117)
FNDA:0,(anonymous_118)
FNDA:0,(anonymous_119)
FNDA:0,(anonymous_120)
FNDA:0,(anonymous_121)
FNDA:0,(anonymous_122)
FNDA:0,(anonymous_123)
FNDA:0,(anonymous_124)
FNDA:0,(anonymous_125)
FNDA:0,(anonymous_126)
FNDA:0,(anonymous_127)
FNDA:0,(anonymous_128)
FNDA:0,(anonymous_129)
FNDA:0,(anonymous_130)
FNDA:0,(anonymous_131)
FNDA:0,(anonymous_132)
FNDA:0,(anonymous_133)
FNDA:0,(anonymous_134)
FNDA:0,(anonymous_135)
FNDA:0,(anonymous_136)
FNDA:0,(anonymous_137)
FNDA:0,(anonymous_138)
FNDA:0,(anonymous_139)
FNDA:0,(anonymous_140)
FNDA:0,(anonymous_141)
FNDA:0,(anonymous_142)
FNDA:0,(anonymous_143)
FNDA:0,(anonymous_144)
DA:1,2
DA:8,2
DA:15,2
DA:16,2
DA:17,2
DA:18,2
DA:30,2
DA:31,2
DA:36,2
DA:37,2
DA:41,2
DA:42,2
DA:43,2
DA:44,2
DA:47,2
DA:49,0
DA:50,0
DA:51,0
DA:52,0
DA:53,0
DA:54,0
DA:57,0
DA:58,0
DA:59,0
DA:61,0
DA:64,0
DA:73,0
DA:78,0
DA:79,0
DA:80,0
DA:81,0
DA:83,0
DA:85,0
DA:88,0
DA:156,0
DA:163,0
DA:168,0
DA:170,0
DA:171,0
DA:173,0
DA:184,0
DA:192,0
DA:204,0
DA:205,0
DA:208,0
DA:209,0
DA:212,0
DA:213,0
DA:223,0
DA:224,0
DA:226,0
DA:227,0
DA:230,0
DA:232,0
DA:234,0
DA:236,0
DA:240,0
DA:251,0
DA:256,0
DA:257,0
DA:267,0
DA:269,0
DA:270,0
DA:273,0
DA:275,0
DA:276,0
DA:278,0
DA:281,0
DA:294,0
DA:295,0
DA:297,0
DA:300,0
DA:315,0
DA:316,0
DA:323,0
DA:360,0
DA:363,0
DA:364,0
DA:366,0
DA:367,0
DA:368,0
DA:369,0
DA:376,0
DA:377,0
DA:379,0
DA:386,0
DA:390,0
DA:391,0
DA:394,0
DA:401,0
DA:402,0
DA:404,0
DA:411,0
DA:413,0
DA:414,0
DA:420,0
DA:421,0
DA:425,0
DA:437,0
DA:439,0
DA:441,0
DA:442,0
DA:449,0
DA:450,0
DA:452,0
DA:453,0
DA:462,0
DA:470,0
DA:474,0
DA:480,0
DA:481,0
DA:486,0
DA:493,0
DA:494,0
DA:497,0
DA:498,0
DA:503,0
DA:508,0
DA:514,0
DA:519,0
DA:523,0
DA:534,0
DA:538,0
DA:542,0
DA:544,0
DA:545,0
DA:548,0
DA:549,0
DA:561,0
DA:562,0
DA:565,0
DA:566,0
DA:568,0
DA:573,0
DA:578,0
DA:599,0
DA:603,0
DA:604,0
DA:606,0
DA:788,0
DA:789,0
DA:802,0
DA:803,0
DA:805,0
DA:806,0
DA:810,0
DA:811,0
DA:818,0
DA:825,0
DA:826,0
DA:827,0
DA:829,0
[...]
DA:325,0
DA:327,0
DA:328,0
DA:329,0
DA:331,0
DA:332,0
DA:335,0
DA:343,0
DA:346,0
DA:360,0
DA:362,0
DA:372,0
DA:373,0
DA:376,0
DA:419,0
DA:424,0
DA:425,0
DA:426,0
DA:427,0
DA:428,0
DA:432,0
DA:433,0
DA:434,0
DA:450,0
DA:458,0
DA:464,0
DA:471,0
DA:472,0
DA:473,0
DA:476,0
DA:478,0
DA:479,0
DA:482,0
DA:483,0
DA:486,0
DA:487,0
DA:497,0
DA:500,0
DA:520,0
DA:547,0
DA:549,0
DA:565,0
DA:569,0
DA:570,0
DA:574,0
DA:576,0
DA:577,0
DA:580,0
DA:581,0
DA:585,0
DA:586,0
DA:589,0
DA:591,0
DA:592,0
DA:596,0
DA:597,0
DA:600,0
DA:604,0
DA:619,0
DA:640,0
DA:641,0
LF:133
LH:0
BRDA:42,0,0,0
BRDA:69,1,0,0
BRDA:81,2,0,0
BRDA:81,2,1,0
BRDA:81,3,0,0
BRDA:81,3,1,0
BRDA:98,4,0,0
BRDA:110,5,0,0
BRDA:110,5,1,0
BRDA:113,6,0,0
BRDA:113,6,1,0
BRDA:148,7,0,0
BRDA:148,7,1,0
BRDA:162,8,0,0
BRDA:162,8,1,0
BRDA:172,9,0,0
BRDA:193,10,0,0
BRDA:193,10,1,0
BRDA:201,11,0,0
BRDA:210,12,0,0
BRDA:210,12,1,0
BRDA:211,13,0,0
BRDA:211,13,1,0
BRDA:217,14,0,0
BRDA:217,14,1,0
BRDA:222,15,0,0
BRDA:222,15,1,0
BRDA:223,16,0,0
BRDA:223,16,1,0
BRDA:241,17,0,0
BRDA:241,17,1,0
BRDA:251,18,0,0
BRDA:251,18,1,0
BRDA:259,19,0,0
BRDA:266,20,0,0
BRDA:266,20,1,0
BRDA:286,21,0,0
BRDA:286,21,1,0
BRDA:288,22,0,0
BRDA:298,23,0,0
BRDA:298,23,1,0
BRDA:298,23,2,0
BRDA:306,24,0,0
BRDA:322,25,0,0
BRDA:325,26,0,0
BRDA:325,26,1,0
BRDA:328,27,0,0
BRDA:328,27,1,0
BRDA:335,28,0,0
BRDA:335,28,1,0
BRDA:336,29,0,0
BRDA:336,29,1,0
BRDA:339,30,0,0
BRDA:339,30,1,0
BRDA:355,31,0,0
BRDA:355,31,1,0
BRDA:356,32,0,0
BRDA:356,32,1,0
BRDA:363,33,0,0
BRDA:363,33,1,0
BRDA:372,34,0,0
BRDA:372,34,1,0
BRDA:387,35,0,0
BRDA:387,35,1,0
BRDA:388,36,0,0
BRDA:388,36,1,0
BRDA:398,37,0,0
BRDA:398,37,1,0
BRDA:425,38,0,0
BRDA:425,38,1,0
BRDA:427,39,0,0
BRDA:432,40,0,0
BRDA:452,41,0,0
BRDA:452,41,1,0
BRDA:452,41,2,0
BRDA:460,42,0,0
BRDA:460,42,1,0
BRDA:471,43,0,0
BRDA:471,43,1,0
BRDA:472,44,0,0
BRDA:472,44,1,0
BRDA:478,45,0,0
BRDA:482,46,0,0
BRDA:486,47,0,0
BRDA:534,48,0,0
BRDA:534,48,1,0
BRDA:569,49,0,0
BRDA:576,50,0,0
BRDA:580,51,0,0
BRDA:580,52,0,0
BRDA:580,52,1,0
BRDA:585,53,0,0
BRDA:589,54,0,0
BRDA:591,55,0,0
BRDA:596,56,0,0
BRDA:600,57,0,0
BRDA:600,57,1,0
BRDA:624,58,0,0
BRDA:624,58,1,0
BRDA:640,59,0,0
BRF:100
BRH:0
end_of_record
TN:
SF:src/talent-pool-leads/dto/create-talent-pool-lead.dto.ts
FNF:0
FNH:0
DA:1,0
DA:2,0
DA:12,0
DA:21,0
DA:31,0
DA:40,0
DA:50,0
DA:63,0
DA:77,0
DA:87,0
DA:97,0
DA:111,0
DA:121,0
LF:13
LH:0
BRF:0
BRH:0
end_of_record
TN:
SF:src/talent-pool-leads/dto/query-talent-pool-leads.dto.ts
FN:35,(anonymous_2)
FN:47,(anonymous_3)
FNF:2
FNH:0
FNDA:0,(anonymous_2)
FNDA:0,(anonymous_3)
DA:1,0
DA:2,0
DA:3,0
DA:5,0
DA:15,0
DA:26,0
DA:35,0
DA:38,0
DA:47,0
DA:50,0
DA:59,0
LF:11
LH:0
BRF:0
BRH:0
end_of_record
TN:
SF:src/talent-pool-leads/dto/update-talent-pool-lead.dto.ts
FNF:0
FNH:0
DA:1,0
DA:2,0
DA:4,0
DA:17,0
DA:26,0
DA:35,0
LF:6
LH:0
BRF:0
BRH:0
end_of_record
TN:
SF:src/textract/textract.module.ts
FNF:0
FNH:0
DA:1,0
DA:2,0
DA:8,0
LF:3
LH:0
BRF:0
BRH:0
end_of_record
TN:
SF:src/textract/textract.service.ts
FNF:0
FNH:0
DA:1,0
DA:2,0
DA:5,0
DA:6,0
LF:4
LH:0
BRF:0
BRH:0
end_of_record
TN:
SF:src/ticket/ticket.controller.ts
FN:39,(anonymous_4)
FN:48,(anonymous_5)
FN:66,(anonymous_6)
FN:108,(anonymous_7)
FN:135,(anonymous_8)
FN:160,(anonymous_9)
FN:191,(anonymous_10)
FN:219,(anonymous_11)
FN:247,(anonymous_12)
FN:273,(anonymous_13)
FNF:10
FNH:0
FNDA:0,(anonymous_4)
FNDA:0,(anonymous_5)
FNDA:0,(anonymous_6)
FNDA:0,(anonymous_7)
FNDA:0,(anonymous_8)
FNDA:0,(anonymous_9)
FNDA:0,(anonymous_10)
FNDA:0,(anonymous_11)
FNDA:0,(anonymous_12)
FNDA:0,(anonymous_13)
DA:1,0
DA:13,0
DA:23,0
DA:24,0
DA:25,0
DA:26,0
DA:27,0
DA:28,0
DA:29,0
DA:30,0
DA:32,0
DA:33,0
DA:38,0
DA:39,0
DA:48,0
DA:52,0
DA:53,0
DA:66,0
DA:71,0
DA:72,0
DA:108,0
DA:115,0
DA:122,0
DA:135,0
DA:139,0
DA:140,0
DA:160,0
DA:164,0
DA:165,0
DA:191,0
DA:192,0
DA:193,0
DA:219,0
DA:223,0
DA:224,0
DA:247,0
DA:248,0
DA:249,0
DA:273,0
DA:278,0
DA:279,0
LF:41
LH:0
BRF:0
BRH:0
end_of_record
TN:
SF:src/ticket/ticket.module.ts
FNF:0
FNH:0
DA:1,0
DA:2,0
DA:3,0
DA:4,0
DA:5,0
DA:12,0
LF:6
LH:0
BRF:0
BRH:0
end_of_record
TN:
SF:src/ticket/ticket.service.ts
FN:18,(anonymous_2)
FN:23,(anonymous_3)
FN:27,(anonymous_4)
FN:141,(anonymous_5)
FN:333,(anonymous_6)
FN:468,(anonymous_7)
FN:499,(anonymous_8)
FN:544,(anonymous_9)
FN:647,(anonymous_10)
FN:691,(anonymous_11)
FN:808,(anonymous_12)
FN:946,(anonymous_13)
FN:1014,(anonymous_14)
FN:1026,(anonymous_15)
FNF:14
FNH:0
FNDA:0,(anonymous_2)
FNDA:0,(anonymous_3)
FNDA:0,(anonymous_4)
FNDA:0,(anonymous_5)
FNDA:0,(anonymous_6)
FNDA:0,(anonymous_7)
FNDA:0,(anonymous_8)
FNDA:0,(anonymous_9)
FNDA:0,(anonymous_10)
FNDA:0,(anonymous_11)
FNDA:0,(anonymous_12)
FNDA:0,(anonymous_13)
FNDA:0,(anonymous_14)
FNDA:0,(anonymous_15)
DA:1,0
DA:6,0
DA:8,0
DA:9,0
DA:13,0
DA:17,0
DA:19,0
DA:20,0
DA:24,0
DA:28,0
DA:106,0
DA:107,0
DA:111,0
DA:113,0
DA:115,0
DA:118,0
DA:122,0
DA:124,0
DA:126,0
DA:130,0
DA:138,0
DA:142,0
DA:144,0
DA:148,0
DA:153,0
DA:158,0
DA:163,0
DA:167,0
DA:172,0
DA:173,0
DA:176,0
DA:177,0
DA:181,0
DA:182,0
DA:192,0
DA:193,0
DA:199,0
DA:203,0
DA:209,0
DA:210,0
DA:213,0
DA:214,0
DA:222,0
DA:226,0
DA:229,0
DA:232,0
DA:236,0
DA:237,0
DA:239,0
DA:246,0
DA:247,0
DA:248,0
DA:250,0
DA:253,0
DA:258,0
DA:261,0
DA:262,0
DA:268,0
DA:269,0
DA:272,0
DA:273,0
DA:279,0
DA:280,0
DA:288,0
DA:289,0
DA:292,0
DA:293,0
DA:296,0
DA:297,0
DA:300,0
DA:301,0
DA:304,0
DA:305,0
DA:308,0
DA:311,0
DA:313,0
DA:314,0
DA:315,0
DA:318,0
DA:319,0
DA:321,0
DA:327,0
DA:329,0
DA:340,0
DA:342,0
DA:343,0
DA:345,0
DA:466,0
DA:468,0
DA:493,0
DA:495,0
DA:500,0
DA:501,0
DA:507,0
DA:508,0
DA:509,0
DA:513,0
DA:521,0
DA:522,0
DA:524,0
DA:525,0
DA:526,0
DA:529,0
DA:530,0
DA:532,0
DA:538,0
DA:540,0
DA:545,0
DA:562,0
DA:563,0
DA:564,0
DA:569,0
DA:571,0
DA:572,0
DA:575,0
DA:583,0
DA:586,0
DA:592,0
DA:602,0
DA:603,0
DA:609,0
DA:610,0
DA:612,0
DA:613,0
DA:614,0
DA:617,0
DA:618,0
DA:623,0
DA:627,0
DA:629,0
DA:632,0
DA:638,0
DA:640,0
DA:648,0
DA:652,0
DA:657,0
DA:658,0
DA:667,0
DA:668,0
DA:671,0
DA:675,0
DA:684,0
DA:685,0
DA:687,0
DA:703,0
DA:711,0
DA:715,0
DA:717,0
DA:718,0
DA:722,0
DA:724,0
DA:726,0
DA:730,0
DA:737,0
DA:738,0
DA:741,0
DA:742,0
DA:743,0
DA:744,0
DA:747,0
DA:748,0
DA:749,0
DA:750,0
DA:751,0
DA:753,0
DA:756,0
DA:757,0
DA:760,0
DA:761,0
DA:764,0
DA:768,0
DA:771,0
DA:772,0
DA:773,0
DA:779,0
DA:780,0
DA:783,0
DA:784,0
DA:788,0
DA:790,0
DA:791,0
DA:792,0
DA:794,0
DA:795,0
DA:797,0
DA:802,0
DA:804,0
DA:813,0
DA:821,0
DA:822,0
DA:827,0
DA:829,0
DA:830,0
DA:831,0
DA:835,0
DA:837,0
DA:841,0
DA:848,0
DA:849,0
DA:854,0
DA:856,0
DA:857,0
DA:878,0
DA:879,0
DA:887,0
DA:894,0
DA:895,0
DA:910,0
DA:911,0
DA:912,0
DA:914,0
DA:925,0
DA:936,0
DA:943,0
DA:947,0
DA:955,0
DA:956,0
DA:961,0
DA:963,0
DA:964,0
DA:965,0
DA:969,0
DA:971,0
DA:975,0
DA:982,0
DA:985,0
DA:986,0
DA:987,0
DA:1006,0
DA:1014,0
DA:1026,0
LF:231
LH:0
BRDA:24,0,0,0
BRDA:24,0,1,0
BRDA:106,1,0,0
BRDA:111,2,0,0
BRDA:113,3,0,0
BRDA:113,3,1,0
BRDA:115,4,0,0
BRDA:118,5,0,0
BRDA:119,6,0,0
BRDA:119,6,1,0
BRDA:124,7,0,0
BRDA:126,8,0,0
BRDA:127,9,0,0
BRDA:127,9,1,0
BRDA:142,10,0,0
BRDA:142,10,1,0
BRDA:144,11,0,0
BRDA:145,12,0,0
BRDA:145,12,1,0
BRDA:153,13,0,0
BRDA:154,14,0,0
BRDA:154,14,1,0
BRDA:154,14,2,0
BRDA:163,15,0,0
BRDA:164,16,0,0
BRDA:164,16,1,0
BRDA:172,17,0,0
BRDA:176,18,0,0
BRDA:181,19,0,0
BRDA:192,20,0,0
BRDA:199,21,0,0
BRDA:200,22,0,0
BRDA:200,22,1,0
BRDA:209,23,0,0
BRDA:213,24,0,0
BRDA:222,25,0,0
BRDA:222,25,1,0
BRDA:223,26,0,0
BRDA:223,26,1,0
BRDA:226,27,0,0
BRDA:226,27,1,0
BRDA:232,28,0,0
BRDA:233,29,0,0
BRDA:233,29,1,0
BRDA:233,29,2,0
BRDA:237,30,0,0
BRDA:237,30,1,0
BRDA:240,31,0,0
BRDA:240,31,1,0
BRDA:246,32,0,0
BRDA:250,33,0,0
BRDA:250,33,1,0
BRDA:261,34,0,0
BRDA:268,35,0,0
BRDA:272,36,0,0
BRDA:288,37,0,0
BRDA:292,38,0,0
BRDA:296,39,0,0
BRDA:300,40,0,0
BRDA:304,41,0,0
BRDA:311,42,0,0
BRDA:314,43,0,0
BRDA:323,44,0,0
BRDA:323,44,1,0
BRDA:347,45,0,0
BRDA:347,45,1,0
BRDA:348,46,0,0
BRDA:348,46,1,0
BRDA:349,47,0,0
BRDA:349,47,1,0
BRDA:351,48,0,0
BRDA:351,48,1,0
BRDA:358,49,0,0
BRDA:358,49,1,0
BRDA:360,50,0,0
BRDA:360,50,1,0
BRDA:364,51,0,0
BRDA:364,51,1,0
BRDA:368,52,0,0
BRDA:368,52,1,0
BRDA:373,53,0,0
BRDA:373,53,1,0
BRDA:466,54,0,0
BRDA:470,55,0,0
BRDA:470,55,1,0
BRDA:473,56,0,0
BRDA:473,56,1,0
BRDA:478,57,0,0
BRDA:478,57,1,0
BRDA:481,58,0,0
BRDA:481,58,1,0
BRDA:484,59,0,0
BRDA:484,59,1,0
BRDA:507,60,0,0
BRDA:508,61,0,0
BRDA:508,62,0,0
BRDA:508,62,1,0
BRDA:516,63,0,0
BRDA:516,63,1,0
BRDA:521,64,0,0
BRDA:525,65,0,0
BRDA:534,66,0,0
BRDA:534,66,1,0
BRDA:562,67,0,0
BRDA:563,68,0,0
BRDA:571,69,0,0
BRDA:571,70,0,0
BRDA:571,70,1,0
BRDA:575,71,0,0
BRDA:576,72,0,0
BRDA:576,72,1,0
BRDA:576,72,2,0
BRDA:576,72,3,0
BRDA:576,72,4,0
BRDA:576,72,5,0
BRDA:586,73,0,0
BRDA:587,74,0,0
BRDA:587,74,1,0
BRDA:587,74,2,0
BRDA:609,75,0,0
BRDA:613,76,0,0
BRDA:618,77,0,0
BRDA:618,77,1,0
BRDA:619,78,0,0
BRDA:619,78,1,0
BRDA:619,78,2,0
BRDA:627,79,0,0
BRDA:627,80,0,0
BRDA:627,80,1,0
BRDA:634,81,0,0
BRDA:634,81,1,0
BRDA:648,82,0,0
BRDA:649,83,0,0
BRDA:649,83,1,0
BRDA:667,84,0,0
BRDA:684,85,0,0
BRDA:711,86,0,0
BRDA:715,87,0,0
BRDA:715,87,1,0
BRDA:717,88,0,0
BRDA:718,89,0,0
BRDA:719,90,0,0
BRDA:719,90,1,0
BRDA:724,91,0,0
BRDA:726,92,0,0
BRDA:727,93,0,0
BRDA:727,93,1,0
BRDA:741,94,0,0
BRDA:742,95,0,0
BRDA:744,96,0,0
BRDA:747,97,0,0
BRDA:748,98,0,0
BRDA:748,99,0,0
BRDA:748,99,1,0
BRDA:749,100,0,0
BRDA:749,100,1,0
BRDA:750,101,0,0
BRDA:756,102,0,0
BRDA:756,103,0,0
BRDA:756,103,1,0
BRDA:760,104,0,0
BRDA:764,105,0,0
BRDA:765,106,0,0
BRDA:765,106,1,0
BRDA:771,107,0,0
BRDA:779,108,0,0
BRDA:788,109,0,0
BRDA:791,110,0,0
BRDA:799,111,0,0
BRDA:799,111,1,0
BRDA:821,112,0,0
BRDA:827,113,0,0
BRDA:827,113,1,0
BRDA:829,114,0,0
BRDA:830,115,0,0
BRDA:830,116,0,0
BRDA:830,116,1,0
BRDA:835,117,0,0
BRDA:837,118,0,0
BRDA:838,119,0,0
BRDA:838,119,1,0
BRDA:848,120,0,0
BRDA:848,121,0,0
BRDA:848,121,1,0
BRDA:848,121,2,0
BRDA:856,122,0,0
BRDA:856,122,1,0
BRDA:863,123,0,0
BRDA:863,123,1,0
BRDA:885,124,0,0
BRDA:885,124,1,0
BRDA:895,125,0,0
BRDA:895,125,1,0
BRDA:910,126,0,0
BRDA:910,127,0,0
BRDA:910,127,1,0
BRDA:912,128,0,0
BRDA:912,128,1,0
BRDA:938,129,0,0
BRDA:938,129,1,0
BRDA:955,130,0,0
BRDA:961,131,0,0
BRDA:961,131,1,0
BRDA:963,132,0,0
BRDA:964,133,0,0
BRDA:964,134,0,0
BRDA:964,134,1,0
BRDA:969,135,0,0
BRDA:971,136,0,0
BRDA:972,137,0,0
BRDA:972,137,1,0
BRDA:986,138,0,0
BRDA:986,138,1,0
BRDA:990,139,0,0
BRDA:990,139,1,0
BRDA:1010,140,0,0
BRDA:1010,140,1,0
BRDA:1029,141,0,0
BRDA:1029,141,1,0
BRDA:1029,142,0,0
BRDA:1029,142,1,0
BRDA:1030,143,0,0
BRDA:1030,143,1,0
BRF:223
BRH:0
end_of_record
TN:
SF:src/ticket/dto/create-ticket-note.dto.ts
FNF:0
FNH:0
DA:1,0
DA:2,0
DA:10,0
DA:15,0
DA:25,0
LF:5
LH:0
BRF:0
BRH:0
end_of_record
TN:
SF:src/ticket/dto/create-ticket.dto.ts
FN:62,(anonymous_2)
FNF:1
FNH:0
FNDA:0,(anonymous_2)
DA:1,0
DA:2,0
DA:3,0
DA:4,0
DA:5,0
DA:7,0
DA:15,0
DA:27,0
DA:35,0
DA:43,0
DA:55,0
DA:62,0
DA:66,0
DA:75,0
DA:85,0
DA:94,0
DA:103,0
LF:17
LH:0
BRDA:62,0,0,0
BRDA:62,0,1,0
BRF:2
BRH:0
end_of_record
TN:
SF:src/ticket/dto/reassign-ticket.dto.ts
FNF:0
FNH:0
DA:1,0
DA:2,0
DA:4,0
DA:12,0
LF:4
LH:0
BRF:0
BRH:0
end_of_record
TN:
SF:src/ticket/dto/update-status-ticket.dto.ts
FNF:0
FNH:0
DA:1,0
DA:2,0
DA:3,0
DA:5,0
DA:17,0
LF:5
LH:0
BRF:0
BRH:0
end_of_record
TN:
SF:src/ticket/dto/update-ticket.dto.ts
FNF:0
FNH:0
DA:1,0
DA:2,0
DA:10,0
DA:12,0
DA:18,0
DA:25,0
DA:30,0
DA:40,0
DA:48,0
DA:53,0
LF:10
LH:0
BRF:0
BRH:0
end_of_record
TN:
SF:src/user/user.module.ts
FNF:0
FNH:0
DA:1,0
DA:2,0
DA:3,0
DA:4,0
DA:5,0
DA:6,0
DA:14,0
LF:7
LH:0
BRF:0
BRH:0
end_of_record
TN:
SF:src/user/user.service.ts
FN:24,(anonymous_12)
FN:30,(anonymous_13)
FN:35,(anonymous_14)
FN:53,(anonymous_15)
FN:62,(anonymous_16)
FN:72,(anonymous_17)
FN:101,(anonymous_18)
FN:115,(anonymous_19)
FN:165,(anonymous_20)
FN:257,(anonymous_21)
FN:312,(anonymous_22)
FN:316,(anonymous_23)
FN:343,(anonymous_24)
FN:362,(anonymous_25)
FN:428,(anonymous_26)
FN:429,(anonymous_27)
FN:503,(anonymous_28)
FN:550,(anonymous_29)
FN:602,(anonymous_30)
FN:664,(anonymous_31)
FN:682,(anonymous_32)
FN:750,(anonymous_33)
FN:756,(anonymous_34)
FN:837,(anonymous_35)
FN:846,(anonymous_36)
FN:861,(anonymous_37)
FN:963,(anonymous_38)
FN:987,(anonymous_39)
FNF:28
FNH:0
FNDA:0,(anonymous_12)
FNDA:0,(anonymous_13)
FNDA:0,(anonymous_14)
FNDA:0,(anonymous_15)
FNDA:0,(anonymous_16)
FNDA:0,(anonymous_17)
FNDA:0,(anonymous_18)
FNDA:0,(anonymous_19)
FNDA:0,(anonymous_20)
FNDA:0,(anonymous_21)
FNDA:0,(anonymous_22)
FNDA:0,(anonymous_23)
FNDA:0,(anonymous_24)
FNDA:0,(anonymous_25)
FNDA:0,(anonymous_26)
FNDA:0,(anonymous_27)
FNDA:0,(anonymous_28)
FNDA:0,(anonymous_29)
FNDA:0,(anonymous_30)
FNDA:0,(anonymous_31)
FNDA:0,(anonymous_32)
FNDA:0,(anonymous_33)
FNDA:0,(anonymous_34)
FNDA:0,(anonymous_35)
FNDA:0,(anonymous_36)
FNDA:0,(anonymous_37)
FNDA:0,(anonymous_38)
FNDA:0,(anonymous_39)
DA:1,2
DA:7,2
DA:8,2
DA:10,2
DA:11,2
DA:15,2
DA:16,2
DA:18,2
DA:19,2
DA:23,2
DA:25,0
DA:26,0
DA:27,0
DA:31,0
DA:32,0
DA:36,0
DA:37,0
DA:39,0
DA:47,0
DA:50,0
DA:56,0
DA:63,0
DA:66,0
DA:67,0
DA:69,0
DA:73,0
DA:94,0
DA:95,0
DA:98,0
DA:105,0
DA:108,0
DA:110,0
DA:115,0
DA:117,0
DA:118,0
DA:123,0
DA:124,0
DA:126,0
DA:129,0
DA:133,0
DA:134,0
DA:137,0
DA:156,0
DA:157,0
DA:162,0
DA:170,0
DA:171,0
DA:172,0
DA:173,0
DA:175,0
DA:180,0
DA:181,0
DA:209,0
DA:241,0
DA:242,0
DA:245,0
DA:258,0
DA:265,0
DA:266,0
DA:270,0
DA:309,0
DA:313,0
DA:320,0
DA:321,0
DA:322,0
DA:323,0
DA:339,0
DA:342,0
DA:343,0
DA:347,0
DA:361,0
DA:362,0
DA:365,0
DA:367,0
DA:369,0
DA:370,0
DA:371,0
DA:374,0
DA:375,0
DA:377,0
DA:378,0
DA:380,0
DA:381,0
DA:383,0
DA:384,0
DA:388,0
DA:391,0
DA:395,0
DA:396,0
DA:400,0
DA:403,0
DA:404,0
DA:406,0
DA:407,0
DA:411,0
DA:413,0
DA:418,0
DA:419,0
DA:423,0
DA:426,0
DA:428,0
DA:429,0
DA:430,0
DA:433,0
DA:434,0
DA:436,0
DA:437,0
DA:442,0
DA:449,0
DA:458,0
DA:497,0
DA:499,0
DA:508,0
DA:510,0
DA:514,0
DA:515,0
DA:519,0
DA:524,0
DA:526,0
DA:529,0
DA:530,0
DA:531,0
DA:535,0
DA:541,0
DA:546,0
DA:551,0
DA:552,0
DA:553,0
DA:554,0
DA:558,0
DA:562,0
DA:568,0
DA:572,0
DA:574,0
DA:575,0
DA:583,0
DA:584,0
DA:592,0
DA:596,0
DA:602,0
DA:604,0
DA:609,0
DA:614,0
DA:619,0
DA:625,0
DA:631,0
DA:637,0
DA:643,0
DA:649,0
DA:654,0
DA:658,0
DA:660,0
DA:665,0
DA:666,0
DA:667,0
DA:668,0
DA:669,0
DA:671,0
DA:678,0
DA:685,0
DA:687,0
DA:691,0
DA:692,0
DA:700,0
DA:701,0
DA:704,0
DA:705,0
DA:708,0
DA:744,0
DA:745,0
DA:748,0
DA:750,0
DA:757,0
DA:759,0
DA:762,0
DA:763,0
DA:792,0
DA:793,0
DA:797,0
DA:798,0
DA:802,0
DA:803,0
DA:806,0
DA:830,0
DA:831,0
DA:834,0
DA:837,0
DA:849,0
DA:852,0
DA:858,0
DA:875,0
DA:877,0
DA:880,0
DA:885,0
DA:886,0
DA:895,0
DA:896,0
DA:900,0
DA:901,0
DA:905,0
DA:906,0
DA:907,0
DA:908,0
DA:910,0
DA:912,0
DA:913,0
DA:914,0
DA:919,0
DA:920,0
DA:922,0
DA:924,0
DA:929,0
DA:963,0
DA:971,0
DA:973,0
DA:983,0
DA:992,0
DA:994,0
DA:998,0
DA:999,0
DA:1003,0
DA:1007,0
DA:1008,0
DA:1012,0
DA:1034,0
DA:1035,0
DA:1036,0
DA:1041,0
DA:1046,0
DA:1051,0
DA:1054,0
DA:1056,0
DA:1059,0
DA:1060,0
DA:1075,0
DA:1076,0
DA:1080,0
DA:1081,0
DA:1089,0
DA:1090,0
DA:1094,0
DA:1095,0
DA:1105,0
DA:1110,0
DA:1113,0
DA:1115,0
DA:1119,0
DA:1121,0
LF:248
LH:10
BRDA:32,0,0,0
BRDA:32,0,1,0
BRDA:43,1,0,0
BRDA:43,1,1,0
BRDA:44,2,0,0
BRDA:44,2,1,0
BRDA:66,3,0,0
BRDA:94,4,0,0
BRDA:94,5,0,0
BRDA:94,5,1,0
BRDA:108,6,0,0
BRDA:108,6,1,0
BRDA:117,7,0,0
BRDA:124,8,0,0
BRDA:124,8,1,0
BRDA:133,9,0,0
BRDA:156,10,0,0
BRDA:156,11,0,0
BRDA:156,11,1,0
BRDA:170,12,0,0
BRDA:170,12,1,0
BRDA:171,13,0,0
BRDA:171,13,1,0
BRDA:180,14,0,0
BRDA:241,15,0,0
BRDA:241,16,0,0
BRDA:241,16,1,0
BRDA:265,17,0,0
BRDA:283,18,0,0
BRDA:283,18,1,0
BRDA:287,19,0,0
BRDA:287,19,1,0
BRDA:288,20,0,0
BRDA:288,20,1,0
BRDA:289,21,0,0
BRDA:289,21,1,0
BRDA:290,22,0,0
BRDA:290,22,1,0
BRDA:293,23,0,0
BRDA:293,23,1,0
BRDA:294,24,0,0
BRDA:294,24,1,0
BRDA:295,25,0,0
BRDA:295,25,1,0
BRDA:296,26,0,0
BRDA:296,26,1,0
BRDA:297,27,0,0
BRDA:297,27,1,0
BRDA:302,28,0,0
BRDA:302,28,1,0
BRDA:322,29,0,0
BRDA:365,30,0,0
BRDA:365,31,0,0
BRDA:365,31,1,0
BRDA:369,32,0,0
BRDA:370,33,0,0
BRDA:374,34,0,0
BRDA:375,35,0,0
BRDA:375,35,1,0
BRDA:377,36,0,0
BRDA:378,37,0,0
BRDA:378,37,1,0
BRDA:380,38,0,0
BRDA:381,39,0,0
BRDA:381,39,1,0
BRDA:383,40,0,0
BRDA:384,41,0,0
BRDA:384,41,1,0
BRDA:385,42,0,0
BRDA:385,42,1,0
BRDA:395,43,0,0
BRDA:395,44,0,0
BRDA:395,44,1,0
BRDA:403,45,0,0
BRDA:404,46,0,0
BRDA:404,46,1,0
BRDA:406,47,0,0
BRDA:407,48,0,0
BRDA:407,48,1,0
BRDA:408,49,0,0
BRDA:408,49,1,0
BRDA:418,50,0,0
BRDA:419,51,0,0
BRDA:419,51,1,0
BRDA:420,52,0,0
BRDA:420,52,1,0
BRDA:433,53,0,0
BRDA:436,54,0,0
BRDA:438,55,0,0
BRDA:438,55,1,0
BRDA:471,56,0,0
BRDA:471,56,1,0
BRDA:475,57,0,0
BRDA:475,57,1,0
BRDA:476,58,0,0
BRDA:476,58,1,0
BRDA:477,59,0,0
BRDA:477,59,1,0
BRDA:478,60,0,0
BRDA:478,60,1,0
BRDA:481,61,0,0
BRDA:481,61,1,0
BRDA:482,62,0,0
BRDA:482,62,1,0
BRDA:483,63,0,0
BRDA:483,63,1,0
BRDA:484,64,0,0
BRDA:484,64,1,0
BRDA:485,65,0,0
BRDA:485,65,1,0
BRDA:490,66,0,0
BRDA:490,66,1,0
BRDA:514,67,0,0
BRDA:519,68,0,0
BRDA:519,68,1,0
BRDA:520,69,0,0
BRDA:520,69,1,0
BRDA:520,69,2,0
BRDA:529,70,0,0
BRDA:529,70,1,0
BRDA:530,71,0,0
BRDA:553,72,0,0
BRDA:558,73,0,0
BRDA:559,74,0,0
BRDA:559,74,1,0
BRDA:559,74,2,0
BRDA:559,74,3,0
BRDA:572,75,0,0
BRDA:583,76,0,0
BRDA:654,77,0,0
BRDA:655,78,0,0
BRDA:655,78,1,0
BRDA:667,79,0,0
BRDA:668,80,0,0
BRDA:691,81,0,0
BRDA:700,82,0,0
BRDA:704,83,0,0
BRDA:744,84,0,0
BRDA:762,85,0,0
BRDA:792,86,0,0
BRDA:797,87,0,0
BRDA:802,88,0,0
BRDA:830,89,0,0
BRDA:840,90,0,0
BRDA:840,90,1,0
BRDA:866,91,0,0
BRDA:867,92,0,0
BRDA:871,93,0,0
BRDA:872,94,0,0
BRDA:885,95,0,0
BRDA:895,96,0,0
BRDA:900,97,0,0
BRDA:905,98,0,0
BRDA:905,99,0,0
BRDA:905,99,1,0
BRDA:907,100,0,0
BRDA:910,101,0,0
BRDA:967,102,0,0
BRDA:967,102,1,0
BRDA:998,103,0,0
BRDA:1007,104,0,0
BRDA:1015,105,0,0
BRDA:1015,105,1,0
BRDA:1016,106,0,0
BRDA:1016,106,1,0
BRDA:1017,107,0,0
BRDA:1017,107,1,0
BRDA:1018,108,0,0
BRDA:1018,108,1,0
BRDA:1021,109,0,0
BRDA:1021,109,1,0
BRDA:1034,110,0,0
BRDA:1056,111,0,0
BRDA:1056,111,1,0
BRDA:1059,112,0,0
BRDA:1059,112,1,0
BRDA:1062,113,0,0
BRDA:1062,113,1,0
BRDA:1065,114,0,0
BRDA:1065,114,1,0
BRDA:1068,115,0,0
BRDA:1068,115,1,0
BRDA:1075,116,0,0
BRDA:1089,117,0,0
BRDA:1098,118,0,0
BRDA:1098,118,1,0
BRDA:1099,119,0,0
BRDA:1099,119,1,0
BRDA:1101,120,0,0
BRDA:1101,120,1,0
BRDA:1115,121,0,0
BRDA:1116,122,0,0
BRDA:1116,122,1,0
BRF:193
BRH:0
end_of_record
TN:
SF:src/user/dto/createUser.dto.ts
FNF:0
FNH:0
DA:1,0
DA:2,0
DA:4,0
DA:7,0
DA:11,0
DA:14,0
DA:22,0
DA:30,0
LF:8
LH:0
BRF:0
BRH:0
end_of_record
TN:
SF:src/user/dto/getOrganizationUsers.dto.ts
FN:21,(anonymous_2)
FN:34,(anonymous_3)
FNF:2
FNH:0
FNDA:0,(anonymous_2)
FNDA:0,(anonymous_3)
DA:1,0
DA:2,0
DA:11,0
DA:13,0
DA:21,0
DA:24,0
DA:34,0
DA:38,0
DA:46,0
DA:51,0
DA:60,0
DA:83,0
DA:92,0
DA:103,0
DA:114,0
LF:15
LH:0
BRF:0
BRH:0
end_of_record
TN:
SF:src/user/dto/getProfile.dto.ts
FNF:0
FNH:0
DA:1,0
DA:3,0
DA:5,0
DA:8,0
DA:11,0
DA:14,0
DA:17,0
DA:20,0
DA:23,0
DA:26,0
DA:29,0
DA:32,0
DA:35,0
DA:38,0
DA:41,0
DA:44,0
DA:47,0
DA:50,0
DA:52,0
DA:55,0
DA:58,0
DA:61,0
DA:64,0
DA:67,0
DA:70,0
DA:73,0
DA:76,0
DA:79,0
DA:82,0
DA:85,0
DA:92,0
LF:31
LH:0
BRF:0
BRH:0
end_of_record
TN:
SF:src/user/dto/inviteUserToOrganization.dto.ts
FNF:0
FNH:0
DA:1,0
DA:2,0
DA:4,0
DA:7,0
DA:11,0
DA:15,0
DA:20,0
DA:25,0
DA:33,0
DA:41,0
LF:10
LH:0
BRF:0
BRH:0
end_of_record
TN:
SF:src/user/dto/organizationUsersResponse.dto.ts
FNF:0
FNH:0
DA:1,0
DA:3,0
DA:5,0
DA:8,0
DA:11,0
DA:14,0
DA:17,0
DA:20,0
DA:23,0
DA:26,0
DA:29,0
DA:32,0
DA:35,0
DA:38,0
DA:41,0
DA:44,0
DA:47,0
DA:50,0
DA:55,0
DA:58,0
DA:61,0
DA:64,0
DA:67,0
DA:70,0
DA:73,0
LF:25
LH:0
BRF:0
BRH:0
end_of_record
TN:
SF:src/user/dto/searchUsers.dto.ts
FN:45,(anonymous_2)
FNF:1
FNH:0
FNDA:0,(anonymous_2)
DA:1,0
DA:2,0
DA:3,0
DA:5,0
DA:12,0
DA:20,0
DA:28,0
DA:36,0
DA:45,0
DA:48,0
LF:10
LH:0
BRDA:45,0,0,0
BRDA:45,0,1,0
BRF:2
BRH:0
end_of_record
TN:
SF:src/user/dto/updateProfile.dto.ts
FNF:0
FNH:0
DA:1,0
DA:2,0
DA:11,0
DA:13,0
DA:18,0
DA:23,0
DA:28,0
DA:33,0
DA:38,0
DA:43,0
DA:48,0
DA:58,0
DA:66,0
DA:74,0
DA:82,0
DA:92,0
DA:100,0
DA:108,0
DA:117,0
DA:127,0
DA:136,0
LF:21
LH:0
BRF:0
BRH:0
end_of_record
TN:
SF:src/user/dto/updateUser.dto.ts
FNF:0
FNH:0
DA:1,0
DA:2,0
DA:4,0
DA:8,0
DA:13,0
DA:18,0
DA:23,0
DA:28,0
DA:33,0
DA:42,0
DA:47,0
DA:52,0
LF:12
LH:0
BRF:0
BRH:0
end_of_record
